#
# There is insufficient memory for the Java Runtime Environment to continue.
# Native memory allocation (malloc) failed to allocate 1895536 bytes for Chunk::new
# Possible reasons:
#   The system is out of physical RAM or swap space
#   The process is running with CompressedOops enabled, and the Java Heap may be blocking the growth of the native heap
# Possible solutions:
#   Reduce memory load on the system
#   Increase physical memory or swap space
#   Check if swap backing store is full
#   Decrease Java heap size (-Xmx/-Xms)
#   Decrease number of Java threads
#   Decrease Java thread stack sizes (-Xss)
#   Set larger code cache with -XX:ReservedCodeCacheSize=
#   JVM is running with Unscaled Compressed Oops mode in which the Java heap is
#     placed in the first 4GB address space. The Java Heap base address is the
#     maximum limit for the native heap growth. Please use -XX:HeapBaseMinAddress
#     to set the Java Heap base and to place the Java Heap above 4GB virtual address.
# This output file may be truncated or incomplete.
#
#  Out of Memory Error (t:/workspace/open/src/hotspot/share/memory/arena.cpp:197), pid=71432, tid=54360
#
# JRE version: Java(TM) SE Runtime Environment (12.0.1+12) (build 12.0.1+12)
# Java VM: Java HotSpot(TM) 64-Bit Server VM (12.0.1+12, mixed mode, sharing, tiered, compressed oops, g1 gc, windows-amd64)
# No core dump will be written. Minidumps are not enabled by default on client versions of Windows
#

---------------  S U M M A R Y ------------

Command Line: -ea -Dfile.encoding=Cp1252 org.testng.remote.RemoteTestNG -serport 63586 -protocol json -d C:\Users\ashwanis\git\CPQ\test-output C:\Users\ashwanis\git\CPQ\Suites\NewStandardOrder.xml

Host: Intel(R) Core(TM) i5-7500 CPU @ 3.40GHz, 4 cores, 7G,  Windows 10 , 64 bit Build 17763 (10.0.17763.475)
Time: Sat Aug 24 23:16:56 2019 India Standard Time elapsed time: 57 seconds (0d 0h 0m 57s)

---------------  T H R E A D  ---------------

Current thread (0x0000026c48d96800):  JavaThread "C2 CompilerThread0" daemon [_thread_in_native, id=54360, stack(0x0000009dc5300000,0x0000009dc5400000)]


Current CompileTask:
C2:  57397 4891       4       org.apache.http.impl.conn.Wire::wire (231 bytes)

Stack: [0x0000009dc5300000,0x0000009dc5400000]
Native frames: (J=compiled Java code, j=interpreted, Vv=VM code, C=native code)
V  [jvm.dll+0x63948a]
V  [jvm.dll+0x78b31f]
V  [jvm.dll+0x78c9c1]
V  [jvm.dll+0x78d013]
V  [jvm.dll+0x262138]
V  [jvm.dll+0xc582c]
V  [jvm.dll+0xc5dac]
V  [jvm.dll+0x3796a7]
V  [jvm.dll+0x345493]
V  [jvm.dll+0x34485a]
V  [jvm.dll+0x21c035]
V  [jvm.dll+0x21b20a]
V  [jvm.dll+0x199890]
V  [jvm.dll+0x22a534]
V  [jvm.dll+0x228b88]
V  [jvm.dll+0x74f660]
V  [jvm.dll+0x748648]
V  [jvm.dll+0x638566]
C  [ucrtbase.dll+0x21ffa]
C  [KERNEL32.DLL+0x17974]
C  [ntdll.dll+0x6a271]


---------------  P R O C E S S  ---------------

Threads class SMR info:
_java_thread_list=0x0000026c4addc900, length=26, elements={
0x0000026c2aa98000, 0x0000026c48d70000, 0x0000026c48d7a000, 0x0000026c48d93000,
0x0000026c48d95000, 0x0000026c48d96800, 0x0000026c48da0000, 0x0000026c496fc800,
0x0000026c497d4000, 0x0000026c497e7000, 0x0000026c4999b800, 0x0000026c4acb3800,
0x0000026c4acb4800, 0x0000026c4b1ef800, 0x0000026c4b1a3000, 0x0000026c4aa14000,
0x0000026c4aae3800, 0x0000026c4ab84000, 0x0000026c4ab87000, 0x0000026c4ab88000,
0x0000026c4ab8d000, 0x0000026c4ab89800, 0x0000026c4ab8d800, 0x0000026c4ab90000,
0x0000026c4ab8f800, 0x0000026c4ab8e800
}

Java Threads: ( => current thread )
  0x0000026c2aa98000 JavaThread "main" [_thread_blocked, id=65220, stack(0x0000009dc4800000,0x0000009dc4900000)]
  0x0000026c48d70000 JavaThread "Reference Handler" daemon [_thread_blocked, id=68756, stack(0x0000009dc4f00000,0x0000009dc5000000)]
  0x0000026c48d7a000 JavaThread "Finalizer" daemon [_thread_blocked, id=69216, stack(0x0000009dc5000000,0x0000009dc5100000)]
  0x0000026c48d93000 JavaThread "Signal Dispatcher" daemon [_thread_blocked, id=59892, stack(0x0000009dc5100000,0x0000009dc5200000)]
  0x0000026c48d95000 JavaThread "Attach Listener" daemon [_thread_blocked, id=63580, stack(0x0000009dc5200000,0x0000009dc5300000)]
=>0x0000026c48d96800 JavaThread "C2 CompilerThread0" daemon [_thread_in_native, id=54360, stack(0x0000009dc5300000,0x0000009dc5400000)]
  0x0000026c48da0000 JavaThread "C1 CompilerThread0" daemon [_thread_blocked, id=69048, stack(0x0000009dc5400000,0x0000009dc5500000)]
  0x0000026c496fc800 JavaThread "Sweeper thread" daemon [_thread_blocked, id=67492, stack(0x0000009dc5500000,0x0000009dc5600000)]
  0x0000026c497d4000 JavaThread "Service Thread" daemon [_thread_blocked, id=27244, stack(0x0000009dc5600000,0x0000009dc5700000)]
  0x0000026c497e7000 JavaThread "Common-Cleaner" daemon [_thread_blocked, id=65432, stack(0x0000009dc5800000,0x0000009dc5900000)]
  0x0000026c4999b800 JavaThread "ReaderThread" [_thread_in_native, id=9752, stack(0x0000009dc5a00000,0x0000009dc5b00000)]
  0x0000026c4acb3800 JavaThread "Forwarding findElement on session be90b5c97e5c55f067d0fe8e2741ab7e to remote" [_thread_in_native, id=66864, stack(0x0000009dc6200000,0x0000009dc6300000)]
  0x0000026c4acb4800 JavaThread "Forwarding clickElement on session b266abcca313344e6366d3556773ef61 to remote" [_thread_in_native, id=48108, stack(0x0000009dc6300000,0x0000009dc6400000)]
  0x0000026c4b1ef800 JavaThread "Forwarding clickElement on session bb17ac73992c8eee25c23f2b803fc648 to remote" [_thread_in_native, id=11760, stack(0x0000009dc6400000,0x0000009dc6500000)]
  0x0000026c4b1a3000 JavaThread "Exec Default Executor" daemon [_thread_in_native, id=68856, stack(0x0000009dc6500000,0x0000009dc6600000)]
  0x0000026c4aa14000 JavaThread "Exec Default Executor" daemon [_thread_in_native, id=68736, stack(0x0000009dc6600000,0x0000009dc6700000)]
  0x0000026c4aae3800 JavaThread "Exec Default Executor" daemon [_thread_in_native, id=70616, stack(0x0000009dc6700000,0x0000009dc6800000)]
  0x0000026c4ab84000 JavaThread "UrlChecker-3" daemon [_thread_blocked, id=71296, stack(0x0000009dc6800000,0x0000009dc6900000)]
  0x0000026c4ab87000 JavaThread "UrlChecker-4" daemon [_thread_blocked, id=54288, stack(0x0000009dc6900000,0x0000009dc6a00000)]
  0x0000026c4ab88000 JavaThread "UrlChecker-2" daemon [_thread_blocked, id=51088, stack(0x0000009dc6a00000,0x0000009dc6b00000)]
  0x0000026c4ab8d000 JavaThread "Exec Stream Pumper" daemon [_thread_in_native, id=69360, stack(0x0000009dc6b00000,0x0000009dc6c00000)]
  0x0000026c4ab89800 JavaThread "Exec Stream Pumper" daemon [_thread_in_native, id=59568, stack(0x0000009dc6c00000,0x0000009dc6d00000)]
  0x0000026c4ab8d800 JavaThread "Exec Stream Pumper" daemon [_thread_in_native, id=67560, stack(0x0000009dc6d00000,0x0000009dc6e00000)]
  0x0000026c4ab90000 JavaThread "Exec Stream Pumper" daemon [_thread_in_native, id=63624, stack(0x0000009dc6e00000,0x0000009dc6f00000)]
  0x0000026c4ab8f800 JavaThread "Exec Stream Pumper" daemon [_thread_in_native, id=52664, stack(0x0000009dc6f00000,0x0000009dc7000000)]
  0x0000026c4ab8e800 JavaThread "Exec Stream Pumper" daemon [_thread_in_native, id=47764, stack(0x0000009dc7000000,0x0000009dc7100000)]

Other Threads:
  0x0000026c48d6c000 VMThread "VM Thread" [stack: 0x0000009dc4e00000,0x0000009dc4f00000] [id=57984]
  0x0000026c497da800 WatcherThread [stack: 0x0000009dc5700000,0x0000009dc5800000] [id=67396]
  0x0000026c2aad9000 GCTaskThread "GC Thread#0" [stack: 0x0000009dc4900000,0x0000009dc4a00000] [id=37312]
  0x0000026c49d59800 GCTaskThread "GC Thread#1" [stack: 0x0000009dc5b00000,0x0000009dc5c00000] [id=9288]
  0x0000026c4a003800 GCTaskThread "GC Thread#2" [stack: 0x0000009dc5c00000,0x0000009dc5d00000] [id=45760]
  0x0000026c4a017000 GCTaskThread "GC Thread#3" [stack: 0x0000009dc5d00000,0x0000009dc5e00000] [id=70480]
  0x0000026c2aae7800 ConcurrentGCThread "G1 Main Marker" [stack: 0x0000009dc4a00000,0x0000009dc4b00000] [id=67124]
  0x0000026c2aae9800 ConcurrentGCThread "G1 Conc#0" [stack: 0x0000009dc4b00000,0x0000009dc4c00000] [id=48440]
  0x0000026c48bea800 ConcurrentGCThread "G1 Refine#0" [stack: 0x0000009dc4c00000,0x0000009dc4d00000] [id=71592]
  0x0000026c49836800 ConcurrentGCThread "G1 Refine#1" [stack: 0x0000009dc5e00000,0x0000009dc5f00000] [id=68536]
  0x0000026c4a842800 ConcurrentGCThread "G1 Refine#2" [stack: 0x0000009dc6000000,0x0000009dc6100000] [id=70184]
  0x0000026c4a8e4000 ConcurrentGCThread "G1 Refine#3" [stack: 0x0000009dc6100000,0x0000009dc6200000] [id=63908]
  0x0000026c48beb000 ConcurrentGCThread "G1 Young RemSet Sampling" [stack: 0x0000009dc4d00000,0x0000009dc4e00000] [id=70320]

Threads with active compile tasks:
C2 CompilerThread0  4891       4       org.apache.http.impl.conn.Wire::wire (231 bytes)

VM state:not at safepoint (normal execution)

VM Mutex/Monitor currently owned by a thread: None

Heap address: 0x0000000081c00000, size: 2020 MB, Compressed Oops mode: 32-bit
Narrow klass base: 0x0000000800000000, Narrow klass shift: 3
Compressed class space size: 1073741824 Address: 0x00000008011a0000

Heap:
 garbage-first heap   total 133120K, used 45929K [0x0000000081c00000, 0x0000000100000000)
  region size 1024K, 12 young (12288K), 1 survivors (1024K)
 Metaspace       used 25209K, capacity 25803K, committed 25984K, reserved 1073152K
  class space    used 2954K, capacity 3169K, committed 3200K, reserved 1048576K
Heap Regions: E=young(eden), S=young(survivor), O=old, HS=humongous(starts), HC=humongous(continues), CS=collection set, F=free, A=archive, TAMS=top-at-mark-start (previous, next)
|   0|0x0000000081c00000, 0x0000000081d00000, 0x0000000081d00000|100%|HS|  |TAMS 0x0000000081d00000, 0x0000000081c00000| Complete 
|   1|0x0000000081d00000, 0x0000000081e00000, 0x0000000081e00000|100%|HS|  |TAMS 0x0000000081e00000, 0x0000000081d00000| Complete 
|   2|0x0000000081e00000, 0x0000000081f00000, 0x0000000081f00000|100%|HC|  |TAMS 0x0000000081f00000, 0x0000000081e00000| Complete 
|   3|0x0000000081f00000, 0x0000000082000000, 0x0000000082000000|100%| O|  |TAMS 0x0000000082000000, 0x0000000081f00000| Untracked 
|   4|0x0000000082000000, 0x0000000082100000, 0x0000000082100000|100%| O|  |TAMS 0x0000000082100000, 0x0000000082000000| Untracked 
|   5|0x0000000082100000, 0x0000000082200000, 0x0000000082200000|100%| O|  |TAMS 0x0000000082200000, 0x0000000082100000| Untracked 
|   6|0x0000000082200000, 0x0000000082300000, 0x0000000082300000|100%| O|  |TAMS 0x0000000082300000, 0x0000000082200000| Untracked 
|   7|0x0000000082300000, 0x0000000082400000, 0x0000000082400000|100%| O|  |TAMS 0x0000000082400000, 0x0000000082300000| Untracked 
|   8|0x0000000082400000, 0x0000000082400000, 0x0000000082500000|  0%| F|  |TAMS 0x0000000082400000, 0x0000000082400000| Untracked 
|   9|0x0000000082500000, 0x0000000082500000, 0x0000000082600000|  0%| F|  |TAMS 0x0000000082500000, 0x0000000082500000| Untracked 
|  10|0x0000000082600000, 0x0000000082700000, 0x0000000082700000|100%| O|  |TAMS 0x0000000082600000, 0x0000000082600000| Untracked 
|  11|0x0000000082700000, 0x0000000082800000, 0x0000000082800000|100%| O|  |TAMS 0x0000000082700000, 0x0000000082700000| Untracked 
|  12|0x0000000082800000, 0x0000000082900000, 0x0000000082900000|100%| O|  |TAMS 0x0000000082800000, 0x0000000082800000| Untracked 
|  13|0x0000000082900000, 0x0000000082a00000, 0x0000000082a00000|100%| O|  |TAMS 0x0000000082a00000, 0x0000000082900000| Untracked 
|  14|0x0000000082a00000, 0x0000000082b00000, 0x0000000082b00000|100%| O|  |TAMS 0x0000000082b00000, 0x0000000082a00000| Untracked 
|  15|0x0000000082b00000, 0x0000000082c00000, 0x0000000082c00000|100%| O|  |TAMS 0x0000000082c00000, 0x0000000082b00000| Untracked 
|  16|0x0000000082c00000, 0x0000000082d00000, 0x0000000082d00000|100%| O|  |TAMS 0x0000000082d00000, 0x0000000082c00000| Untracked 
|  17|0x0000000082d00000, 0x0000000082e00000, 0x0000000082e00000|100%| O|  |TAMS 0x0000000082e00000, 0x0000000082d00000| Untracked 
|  18|0x0000000082e00000, 0x0000000082f00000, 0x0000000082f00000|100%| O|  |TAMS 0x0000000082f00000, 0x0000000082e00000| Untracked 
|  19|0x0000000082f00000, 0x0000000083000000, 0x0000000083000000|100%| O|  |TAMS 0x0000000083000000, 0x0000000082f00000| Untracked 
|  20|0x0000000083000000, 0x0000000083100000, 0x0000000083100000|100%| O|  |TAMS 0x0000000083100000, 0x0000000083000000| Untracked 
|  21|0x0000000083100000, 0x0000000083200000, 0x0000000083200000|100%| O|  |TAMS 0x0000000083200000, 0x0000000083100000| Untracked 
|  22|0x0000000083200000, 0x0000000083300000, 0x0000000083300000|100%| O|  |TAMS 0x0000000083300000, 0x0000000083200000| Untracked 
|  23|0x0000000083300000, 0x0000000083400000, 0x0000000083400000|100%| O|  |TAMS 0x0000000083400000, 0x0000000083300000| Untracked 
|  24|0x0000000083400000, 0x0000000083500000, 0x0000000083500000|100%| O|  |TAMS 0x0000000083500000, 0x0000000083400000| Untracked 
|  25|0x0000000083500000, 0x0000000083600000, 0x0000000083600000|100%| O|  |TAMS 0x0000000083600000, 0x0000000083500000| Untracked 
|  26|0x0000000083600000, 0x0000000083700000, 0x0000000083700000|100%| O|  |TAMS 0x0000000083700000, 0x0000000083600000| Untracked 
|  27|0x0000000083700000, 0x0000000083800000, 0x0000000083800000|100%| O|  |TAMS 0x0000000083800000, 0x0000000083700000| Untracked 
|  28|0x0000000083800000, 0x0000000083900000, 0x0000000083900000|100%| O|  |TAMS 0x0000000083900000, 0x0000000083800000| Untracked 
|  29|0x0000000083900000, 0x0000000083a00000, 0x0000000083a00000|100%| O|  |TAMS 0x0000000083a00000, 0x0000000083900000| Untracked 
|  30|0x0000000083a00000, 0x0000000083b00000, 0x0000000083b00000|100%| O|  |TAMS 0x0000000083b00000, 0x0000000083a00000| Untracked 
|  31|0x0000000083b00000, 0x0000000083c00000, 0x0000000083c00000|100%| O|  |TAMS 0x0000000083c00000, 0x0000000083b00000| Untracked 
|  32|0x0000000083c00000, 0x0000000083d00000, 0x0000000083d00000|100%| O|  |TAMS 0x0000000083d00000, 0x0000000083c00000| Untracked 
|  33|0x0000000083d00000, 0x0000000083e00000, 0x0000000083e00000|100%| O|  |TAMS 0x0000000083e00000, 0x0000000083d00000| Untracked 
|  34|0x0000000083e00000, 0x0000000083f00000, 0x0000000083f00000|100%| O|  |TAMS 0x0000000083e00000, 0x0000000083e00000| Untracked 
|  35|0x0000000083f00000, 0x0000000084000000, 0x0000000084000000|100%| O|  |TAMS 0x0000000083f00000, 0x0000000083f00000| Untracked 
|  36|0x0000000084000000, 0x000000008405e800, 0x0000000084100000| 36%| O|  |TAMS 0x0000000084000000, 0x0000000084000000| Untracked 
|  37|0x0000000084100000, 0x0000000084100000, 0x0000000084200000|  0%| F|  |TAMS 0x0000000084100000, 0x0000000084100000| Untracked 
|  38|0x0000000084200000, 0x0000000084200000, 0x0000000084300000|  0%| F|  |TAMS 0x0000000084200000, 0x0000000084200000| Untracked 
|  39|0x0000000084300000, 0x0000000084300000, 0x0000000084400000|  0%| F|  |TAMS 0x0000000084300000, 0x0000000084300000| Untracked 
|  40|0x0000000084400000, 0x0000000084400000, 0x0000000084500000|  0%| F|  |TAMS 0x0000000084400000, 0x0000000084400000| Untracked 
|  41|0x0000000084500000, 0x0000000084500000, 0x0000000084600000|  0%| F|  |TAMS 0x0000000084500000, 0x0000000084500000| Untracked 
|  42|0x0000000084600000, 0x0000000084600000, 0x0000000084700000|  0%| F|  |TAMS 0x0000000084600000, 0x0000000084600000| Untracked 
|  43|0x0000000084700000, 0x0000000084700000, 0x0000000084800000|  0%| F|  |TAMS 0x0000000084700000, 0x0000000084700000| Untracked 
|  44|0x0000000084800000, 0x0000000084800000, 0x0000000084900000|  0%| F|  |TAMS 0x0000000084800000, 0x0000000084800000| Untracked 
|  45|0x0000000084900000, 0x0000000084900000, 0x0000000084a00000|  0%| F|  |TAMS 0x0000000084900000, 0x0000000084900000| Untracked 
|  46|0x0000000084a00000, 0x0000000084a00000, 0x0000000084b00000|  0%| F|  |TAMS 0x0000000084a00000, 0x0000000084a00000| Untracked 
|  47|0x0000000084b00000, 0x0000000084b00000, 0x0000000084c00000|  0%| F|  |TAMS 0x0000000084b00000, 0x0000000084b00000| Untracked 
|  48|0x0000000084c00000, 0x0000000084c00000, 0x0000000084d00000|  0%| F|  |TAMS 0x0000000084c00000, 0x0000000084c00000| Untracked 
|  49|0x0000000084d00000, 0x0000000084d00000, 0x0000000084e00000|  0%| F|  |TAMS 0x0000000084d00000, 0x0000000084d00000| Untracked 
|  50|0x0000000084e00000, 0x0000000084e00000, 0x0000000084f00000|  0%| F|  |TAMS 0x0000000084e00000, 0x0000000084e00000| Untracked 
|  51|0x0000000084f00000, 0x0000000084f00000, 0x0000000085000000|  0%| F|  |TAMS 0x0000000084f00000, 0x0000000084f00000| Untracked 
|  52|0x0000000085000000, 0x0000000085000000, 0x0000000085100000|  0%| F|  |TAMS 0x0000000085000000, 0x0000000085000000| Untracked 
|  53|0x0000000085100000, 0x0000000085100000, 0x0000000085200000|  0%| F|  |TAMS 0x0000000085100000, 0x0000000085100000| Untracked 
|  54|0x0000000085200000, 0x0000000085200000, 0x0000000085300000|  0%| F|  |TAMS 0x0000000085200000, 0x0000000085200000| Untracked 
|  55|0x0000000085300000, 0x0000000085300000, 0x0000000085400000|  0%| F|  |TAMS 0x0000000085300000, 0x0000000085300000| Untracked 
|  56|0x0000000085400000, 0x0000000085400000, 0x0000000085500000|  0%| F|  |TAMS 0x0000000085400000, 0x0000000085400000| Untracked 
|  57|0x0000000085500000, 0x0000000085500000, 0x0000000085600000|  0%| F|  |TAMS 0x0000000085500000, 0x0000000085500000| Untracked 
|  58|0x0000000085600000, 0x0000000085600000, 0x0000000085700000|  0%| F|  |TAMS 0x0000000085600000, 0x0000000085600000| Untracked 
|  59|0x0000000085700000, 0x0000000085700000, 0x0000000085800000|  0%| F|  |TAMS 0x0000000085700000, 0x0000000085700000| Untracked 
|  60|0x0000000085800000, 0x0000000085800000, 0x0000000085900000|  0%| F|  |TAMS 0x0000000085800000, 0x0000000085800000| Untracked 
|  61|0x0000000085900000, 0x0000000085900000, 0x0000000085a00000|  0%| F|  |TAMS 0x0000000085900000, 0x0000000085900000| Untracked 
|  62|0x0000000085a00000, 0x0000000085a00000, 0x0000000085b00000|  0%| F|  |TAMS 0x0000000085a00000, 0x0000000085a00000| Untracked 
|  63|0x0000000085b00000, 0x0000000085b00000, 0x0000000085c00000|  0%| F|  |TAMS 0x0000000085b00000, 0x0000000085b00000| Untracked 
|  64|0x0000000085c00000, 0x0000000085c00000, 0x0000000085d00000|  0%| F|  |TAMS 0x0000000085c00000, 0x0000000085c00000| Untracked 
|  65|0x0000000085d00000, 0x0000000085d00000, 0x0000000085e00000|  0%| F|  |TAMS 0x0000000085d00000, 0x0000000085d00000| Untracked 
|  66|0x0000000085e00000, 0x0000000085e00000, 0x0000000085f00000|  0%| F|  |TAMS 0x0000000085e00000, 0x0000000085e00000| Untracked 
|  67|0x0000000085f00000, 0x0000000085f00000, 0x0000000086000000|  0%| F|  |TAMS 0x0000000085f00000, 0x0000000085f00000| Untracked 
|  68|0x0000000086000000, 0x0000000086000000, 0x0000000086100000|  0%| F|  |TAMS 0x0000000086000000, 0x0000000086000000| Untracked 
|  69|0x0000000086100000, 0x0000000086100000, 0x0000000086200000|  0%| F|  |TAMS 0x0000000086100000, 0x0000000086100000| Untracked 
|  70|0x0000000086200000, 0x0000000086200000, 0x0000000086300000|  0%| F|  |TAMS 0x0000000086200000, 0x0000000086200000| Untracked 
|  71|0x0000000086300000, 0x0000000086300000, 0x0000000086400000|  0%| F|  |TAMS 0x0000000086300000, 0x0000000086300000| Untracked 
|  72|0x0000000086400000, 0x0000000086400000, 0x0000000086500000|  0%| F|  |TAMS 0x0000000086400000, 0x0000000086400000| Untracked 
|  73|0x0000000086500000, 0x0000000086500000, 0x0000000086600000|  0%| F|  |TAMS 0x0000000086500000, 0x0000000086500000| Untracked 
|  74|0x0000000086600000, 0x0000000086600000, 0x0000000086700000|  0%| F|  |TAMS 0x0000000086600000, 0x0000000086600000| Untracked 
|  75|0x0000000086700000, 0x0000000086700000, 0x0000000086800000|  0%| F|  |TAMS 0x0000000086700000, 0x0000000086700000| Untracked 
|  76|0x0000000086800000, 0x0000000086800000, 0x0000000086900000|  0%| F|  |TAMS 0x0000000086800000, 0x0000000086800000| Untracked 
|  77|0x0000000086900000, 0x0000000086900000, 0x0000000086a00000|  0%| F|  |TAMS 0x0000000086900000, 0x0000000086900000| Untracked 
|  78|0x0000000086a00000, 0x0000000086a00000, 0x0000000086b00000|  0%| F|  |TAMS 0x0000000086a00000, 0x0000000086a00000| Untracked 
|  79|0x0000000086b00000, 0x0000000086b00000, 0x0000000086c00000|  0%| F|  |TAMS 0x0000000086b00000, 0x0000000086b00000| Untracked 
|  80|0x0000000086c00000, 0x0000000086c00000, 0x0000000086d00000|  0%| F|  |TAMS 0x0000000086c00000, 0x0000000086c00000| Untracked 
|  81|0x0000000086d00000, 0x0000000086d00000, 0x0000000086e00000|  0%| F|  |TAMS 0x0000000086d00000, 0x0000000086d00000| Untracked 
|  82|0x0000000086e00000, 0x0000000086e00000, 0x0000000086f00000|  0%| F|  |TAMS 0x0000000086e00000, 0x0000000086e00000| Untracked 
|  83|0x0000000086f00000, 0x0000000086f00000, 0x0000000087000000|  0%| F|  |TAMS 0x0000000086f00000, 0x0000000086f00000| Untracked 
|  84|0x0000000087000000, 0x0000000087000000, 0x0000000087100000|  0%| F|  |TAMS 0x0000000087000000, 0x0000000087000000| Untracked 
|  85|0x0000000087100000, 0x0000000087100000, 0x0000000087200000|  0%| F|  |TAMS 0x0000000087100000, 0x0000000087100000| Untracked 
|  86|0x0000000087200000, 0x0000000087200000, 0x0000000087300000|  0%| F|  |TAMS 0x0000000087200000, 0x0000000087200000| Untracked 
|  87|0x0000000087300000, 0x0000000087300000, 0x0000000087400000|  0%| F|  |TAMS 0x0000000087300000, 0x0000000087300000| Untracked 
|  88|0x0000000087400000, 0x0000000087400000, 0x0000000087500000|  0%| F|  |TAMS 0x0000000087400000, 0x0000000087400000| Untracked 
|  89|0x0000000087500000, 0x0000000087500000, 0x0000000087600000|  0%| F|  |TAMS 0x0000000087500000, 0x0000000087500000| Untracked 
|  90|0x0000000087600000, 0x0000000087600000, 0x0000000087700000|  0%| F|  |TAMS 0x0000000087600000, 0x0000000087600000| Untracked 
|  91|0x0000000087700000, 0x0000000087700000, 0x0000000087800000|  0%| F|  |TAMS 0x0000000087700000, 0x0000000087700000| Untracked 
|  92|0x0000000087800000, 0x0000000087800000, 0x0000000087900000|  0%| F|  |TAMS 0x0000000087800000, 0x0000000087800000| Untracked 
|  93|0x0000000087900000, 0x0000000087900000, 0x0000000087a00000|  0%| F|  |TAMS 0x0000000087900000, 0x0000000087900000| Untracked 
|  94|0x0000000087a00000, 0x0000000087a00000, 0x0000000087b00000|  0%| F|  |TAMS 0x0000000087a00000, 0x0000000087a00000| Untracked 
|  95|0x0000000087b00000, 0x0000000087b00000, 0x0000000087c00000|  0%| F|  |TAMS 0x0000000087b00000, 0x0000000087b00000| Untracked 
|  96|0x0000000087c00000, 0x0000000087c00000, 0x0000000087d00000|  0%| F|  |TAMS 0x0000000087c00000, 0x0000000087c00000| Untracked 
|  97|0x0000000087d00000, 0x0000000087d00000, 0x0000000087e00000|  0%| F|  |TAMS 0x0000000087d00000, 0x0000000087d00000| Untracked 
|  98|0x0000000087e00000, 0x0000000087e00000, 0x0000000087f00000|  0%| F|  |TAMS 0x0000000087e00000, 0x0000000087e00000| Untracked 
|  99|0x0000000087f00000, 0x0000000087f00000, 0x0000000088000000|  0%| F|  |TAMS 0x0000000087f00000, 0x0000000087f00000| Untracked 
| 100|0x0000000088000000, 0x0000000088000000, 0x0000000088100000|  0%| F|  |TAMS 0x0000000088000000, 0x0000000088000000| Untracked 
| 101|0x0000000088100000, 0x0000000088100000, 0x0000000088200000|  0%| F|  |TAMS 0x0000000088100000, 0x0000000088100000| Untracked 
| 102|0x0000000088200000, 0x0000000088200000, 0x0000000088300000|  0%| F|  |TAMS 0x0000000088200000, 0x0000000088200000| Untracked 
| 103|0x0000000088300000, 0x0000000088300000, 0x0000000088400000|  0%| F|  |TAMS 0x0000000088300000, 0x0000000088300000| Untracked 
| 104|0x0000000088400000, 0x0000000088400000, 0x0000000088500000|  0%| F|  |TAMS 0x0000000088400000, 0x0000000088400000| Untracked 
| 105|0x0000000088500000, 0x0000000088500000, 0x0000000088600000|  0%| F|  |TAMS 0x0000000088500000, 0x0000000088500000| Untracked 
| 106|0x0000000088600000, 0x0000000088600000, 0x0000000088700000|  0%| F|  |TAMS 0x0000000088600000, 0x0000000088600000| Untracked 
| 107|0x0000000088700000, 0x0000000088700000, 0x0000000088800000|  0%| F|  |TAMS 0x0000000088700000, 0x0000000088700000| Untracked 
| 108|0x0000000088800000, 0x0000000088800000, 0x0000000088900000|  0%| F|  |TAMS 0x0000000088800000, 0x0000000088800000| Untracked 
| 109|0x0000000088900000, 0x0000000088900000, 0x0000000088a00000|  0%| F|  |TAMS 0x0000000088900000, 0x0000000088900000| Untracked 
| 110|0x0000000088a00000, 0x0000000088a00000, 0x0000000088b00000|  0%| F|  |TAMS 0x0000000088a00000, 0x0000000088a00000| Untracked 
| 111|0x0000000088b00000, 0x0000000088b00000, 0x0000000088c00000|  0%| F|  |TAMS 0x0000000088b00000, 0x0000000088b00000| Untracked 
| 112|0x0000000088c00000, 0x0000000088c00000, 0x0000000088d00000|  0%| F|  |TAMS 0x0000000088c00000, 0x0000000088c00000| Untracked 
| 113|0x0000000088d00000, 0x0000000088d00000, 0x0000000088e00000|  0%| F|  |TAMS 0x0000000088d00000, 0x0000000088d00000| Untracked 
| 114|0x0000000088e00000, 0x0000000088e00000, 0x0000000088f00000|  0%| F|  |TAMS 0x0000000088e00000, 0x0000000088e00000| Untracked 
| 115|0x0000000088f00000, 0x0000000088f00000, 0x0000000089000000|  0%| F|  |TAMS 0x0000000088f00000, 0x0000000088f00000| Untracked 
| 116|0x0000000089000000, 0x0000000089000000, 0x0000000089100000|  0%| F|  |TAMS 0x0000000089000000, 0x0000000089000000| Untracked 
| 117|0x0000000089100000, 0x0000000089100000, 0x0000000089200000|  0%| F|  |TAMS 0x0000000089100000, 0x0000000089100000| Untracked 
| 118|0x0000000089200000, 0x00000000892bf8f0, 0x0000000089300000| 74%| E|  |TAMS 0x0000000089200000, 0x0000000089200000| Complete 
| 119|0x0000000089300000, 0x0000000089400000, 0x0000000089400000|100%| E|CS|TAMS 0x0000000089300000, 0x0000000089300000| Complete 
| 120|0x0000000089400000, 0x0000000089500000, 0x0000000089500000|100%| E|CS|TAMS 0x0000000089400000, 0x0000000089400000| Complete 
| 121|0x0000000089500000, 0x0000000089600000, 0x0000000089600000|100%| E|CS|TAMS 0x0000000089500000, 0x0000000089500000| Complete 
| 150|0x000000008b200000, 0x000000008b300000, 0x000000008b300000|100%| E|CS|TAMS 0x000000008b200000, 0x000000008b200000| Complete 
| 151|0x000000008b300000, 0x000000008b400000, 0x000000008b400000|100%| E|CS|TAMS 0x000000008b300000, 0x000000008b300000| Complete 
| 152|0x000000008b400000, 0x000000008b500000, 0x000000008b500000|100%| E|CS|TAMS 0x000000008b400000, 0x000000008b400000| Complete 
| 153|0x000000008b500000, 0x000000008b600000, 0x000000008b600000|100%| E|CS|TAMS 0x000000008b500000, 0x000000008b500000| Complete 
| 154|0x000000008b600000, 0x000000008b700000, 0x000000008b700000|100%| E|CS|TAMS 0x000000008b600000, 0x000000008b600000| Complete 
| 156|0x000000008b800000, 0x000000008b900000, 0x000000008b900000|100%| E|CS|TAMS 0x000000008b800000, 0x000000008b800000| Complete 
| 157|0x000000008b900000, 0x000000008b97bc30, 0x000000008ba00000| 48%| S|CS|TAMS 0x000000008b900000, 0x000000008b900000| Complete 
| 158|0x000000008ba00000, 0x000000008bb00000, 0x000000008bb00000|100%| E|CS|TAMS 0x000000008ba00000, 0x000000008ba00000| Complete 

Card table byte_map: [0x0000026c42280000,0x0000026c42680000] _byte_map_base: 0x0000026c41e72000

Marking Bits (Prev, Next): (CMBitMap*) 0x0000026c2aadacf8, (CMBitMap*) 0x0000026c2aadacb8
 Prev Bits: [0x0000026c44a10000, 0x0000026c469a0000)
 Next Bits: [0x0000026c42a80000, 0x0000026c44a10000)

Polling page: 0x0000026c28840000

Metaspace:

Usage:
  Non-class:     22.10 MB capacity,    21.73 MB ( 98%) used,   321.55 KB (  1%) free+waste,    57.69 KB ( <1%) overhead. 
      Class:      3.09 MB capacity,     2.89 MB ( 93%) used,   186.40 KB (  6%) free+waste,    28.06 KB ( <1%) overhead. 
       Both:     25.20 MB capacity,    24.62 MB ( 98%) used,   507.95 KB (  2%) free+waste,    85.75 KB ( <1%) overhead. 

Virtual space:
  Non-class space:       24.00 MB reserved,      22.25 MB ( 93%) committed 
      Class space:        1.00 GB reserved,       3.13 MB ( <1%) committed 
             Both:        1.02 GB reserved,      25.38 MB (  2%) committed 

Chunk freelists:
   Non-Class:  2.75 KB
       Class:  0 bytes
        Both:  2.75 KB

CodeHeap 'non-profiled nmethods': size=120064Kb used=2557Kb max_used=2557Kb free=117506Kb
 bounds [0x0000026c3a940000, 0x0000026c3abc0000, 0x0000026c41e80000]
CodeHeap 'profiled nmethods': size=120000Kb used=10288Kb max_used=10288Kb free=109711Kb
 bounds [0x0000026c33410000, 0x0000026c33e30000, 0x0000026c3a940000]
CodeHeap 'non-nmethods': size=5696Kb used=1198Kb max_used=1244Kb free=4498Kb
 bounds [0x0000026c32e80000, 0x0000026c330f0000, 0x0000026c33410000]
 total_blobs=6748 nmethods=4298 adapters=445
 compilation: enabled
              stopped_count=0, restarted_count=0
 full_count=0

Compilation events (10 events):
Event: 57.139 Thread 0x0000026c48da0000 4890       3       org.apache.http.impl.conn.CPoolProxy::sendRequestEntity (11 bytes)
Event: 57.140 Thread 0x0000026c48da0000 nmethod 4890 0x0000026c33e1ca10 code [0x0000026c33e1cc20, 0x0000026c33e1d280]
Event: 57.147 Thread 0x0000026c48d96800 nmethod 4888 0x0000026c3abbe490 code [0x0000026c3abbe6a0, 0x0000026c3abbf598]
Event: 57.147 Thread 0x0000026c48d96800 4891       4       org.apache.http.impl.conn.Wire::wire (231 bytes)
Event: 57.168 Thread 0x0000026c48da0000 4893       3       com.google.gson.GsonBuilder::disableHtmlEscaping (7 bytes)
Event: 57.168 Thread 0x0000026c48da0000 nmethod 4893 0x0000026c33718710 code [0x0000026c337188c0, 0x0000026c33718a38]
Event: 57.168 Thread 0x0000026c48da0000 4894       3       com.google.gson.GsonBuilder::addTypeAdaptersForDate (109 bytes)
Event: 57.169 Thread 0x0000026c48da0000 nmethod 4894 0x0000026c33e1d490 code [0x0000026c33e1d780, 0x0000026c33e1e3c0]
Event: 57.170 Thread 0x0000026c48da0000 4895       3       org.apache.http.client.methods.HttpRequestWrapper$HttpEntityEnclosingRequestWrapper::expectContinue (31 bytes)
Event: 57.171 Thread 0x0000026c48da0000 nmethod 4895 0x0000026c33e1e810 code [0x0000026c33e1ea00, 0x0000026c33e1ee50]

GC Heap History (10 events):
Event: 2.221 GC heap before
{Heap before GC invocations=6 (full 0):
 garbage-first heap   total 162816K, used 82445K [0x0000000081c00000, 0x0000000100000000)
  region size 1024K, 47 young (48128K), 2 survivors (2048K)
 Metaspace       used 14508K, capacity 14815K, committed 14976K, reserved 1062912K
  class space    used 1657K, capacity 1796K, committed 1920K, reserved 1048576K
}
Event: 2.223 GC heap after
{Heap after GC invocations=7 (full 0):
 garbage-first heap   total 162816K, used 36377K [0x0000000081c00000, 0x0000000100000000)
  region size 1024K, 2 young (2048K), 2 survivors (2048K)
 Metaspace       used 14508K, capacity 14815K, committed 14976K, reserved 1062912K
  class space    used 1657K, capacity 1796K, committed 1920K, reserved 1048576K
}
Event: 3.225 GC heap before
{Heap before GC invocations=7 (full 0):
 garbage-first heap   total 162816K, used 94745K [0x0000000081c00000, 0x0000000100000000)
  region size 1024K, 59 young (60416K), 2 survivors (2048K)
 Metaspace       used 19771K, capacity 20243K, committed 20480K, reserved 1067008K
  class space    used 2375K, capacity 2550K, committed 2560K, reserved 1048576K
}
Event: 3.230 GC heap after
{Heap after GC invocations=8 (full 0):
 garbage-first heap   total 162816K, used 39062K [0x0000000081c00000, 0x0000000100000000)
  region size 1024K, 5 young (5120K), 5 survivors (5120K)
 Metaspace       used 19771K, capacity 20243K, committed 20480K, reserved 1067008K
  class space    used 2375K, capacity 2550K, committed 2560K, reserved 1048576K
}
Event: 3.274 GC heap before
{Heap before GC invocations=8 (full 0):
 garbage-first heap   total 162816K, used 42134K [0x0000000081c00000, 0x0000000100000000)
  region size 1024K, 9 young (9216K), 5 survivors (5120K)
 Metaspace       used 20686K, capacity 21155K, committed 21248K, reserved 1067008K
  class space    used 2528K, capacity 2732K, committed 2816K, reserved 1048576K
}
Event: 3.277 GC heap after
{Heap after GC invocations=9 (full 0):
 garbage-first heap   total 162816K, used 39424K [0x0000000081c00000, 0x0000000100000000)
  region size 1024K, 5 young (5120K), 5 survivors (5120K)
 Metaspace       used 20686K, capacity 21155K, committed 21248K, reserved 1067008K
  class space    used 2528K, capacity 2732K, committed 2816K, reserved 1048576K
}
Event: 47.689 GC heap before
{Heap before GC invocations=10 (full 0):
 garbage-first heap   total 133120K, used 105984K [0x0000000081c00000, 0x0000000100000000)
  region size 1024K, 73 young (74752K), 5 survivors (5120K)
 Metaspace       used 25157K, capacity 25739K, committed 25984K, reserved 1073152K
  class space    used 2954K, capacity 3169K, committed 3200K, reserved 1048576K
}
Event: 47.717 GC heap after
{Heap after GC invocations=11 (full 0):
 garbage-first heap   total 133120K, used 37678K [0x0000000081c00000, 0x0000000100000000)
  region size 1024K, 6 young (6144K), 6 survivors (6144K)
 Metaspace       used 25157K, capacity 25739K, committed 25984K, reserved 1073152K
  class space    used 2954K, capacity 3169K, committed 3200K, reserved 1048576K
}
Event: 47.739 GC heap before
{Heap before GC invocations=11 (full 0):
 garbage-first heap   total 133120K, used 38702K [0x0000000081c00000, 0x0000000100000000)
  region size 1024K, 7 young (7168K), 6 survivors (6144K)
 Metaspace       used 25159K, capacity 25739K, committed 25984K, reserved 1073152K
  class space    used 2954K, capacity 3169K, committed 3200K, reserved 1048576K
}
Event: 47.747 GC heap after
{Heap after GC invocations=12 (full 0):
 garbage-first heap   total 133120K, used 35689K [0x0000000081c00000, 0x0000000100000000)
  region size 1024K, 1 young (1024K), 1 survivors (1024K)
 Metaspace       used 25159K, capacity 25739K, committed 25984K, reserved 1073152K
  class space    used 2954K, capacity 3169K, committed 3200K, reserved 1048576K
}

Deoptimization events (10 events):
Event: 46.034 Thread 0x0000026c4acb4800 Uncommon trap: reason=unstable_if action=reinterpret pc=0x0000026c3a96b120 method=java.lang.String.getBytes([BIB)V @ 5 c2
Event: 46.034 Thread 0x0000026c4acb3800 Uncommon trap: reason=unstable_if action=reinterpret pc=0x0000026c3a99a750 method=java.lang.AbstractStringBuilder.putStringAt(ILjava/lang/String;)V @ 8 c2
Event: 46.034 Thread 0x0000026c4acb4800 Uncommon trap: reason=unstable_if action=reinterpret pc=0x0000026c3a99a750 method=java.lang.AbstractStringBuilder.putStringAt(ILjava/lang/String;)V @ 8 c2
Event: 46.034 Thread 0x0000026c4acb3800 Uncommon trap: reason=unstable_if action=reinterpret pc=0x0000026c3a98a958 method=java.lang.AbstractStringBuilder.putStringAt(ILjava/lang/String;)V @ 8 c2
Event: 46.034 Thread 0x0000026c4acb4800 Uncommon trap: reason=unstable_if action=reinterpret pc=0x0000026c3a98a958 method=java.lang.AbstractStringBuilder.putStringAt(ILjava/lang/String;)V @ 8 c2
Event: 46.034 Thread 0x0000026c4acb3800 Uncommon trap: reason=unstable_if action=reinterpret pc=0x0000026c3aa40730 method=java.lang.StringBuffer.toString()Ljava/lang/String; @ 12 c2
Event: 46.034 Thread 0x0000026c4acb4800 Uncommon trap: reason=unstable_if action=reinterpret pc=0x0000026c3aa40730 method=java.lang.StringBuffer.toString()Ljava/lang/String; @ 12 c2
Event: 46.036 Thread 0x0000026c4acb4800 Uncommon trap: reason=unstable_fused_if action=reinterpret pc=0x0000026c3ab53bf8 method=org.apache.http.impl.conn.Wire.wire(Ljava/lang/String;Ljava/io/InputStream;)V @ 115 c2
Event: 46.036 Thread 0x0000026c4acb3800 Uncommon trap: reason=unstable_fused_if action=reinterpret pc=0x0000026c3ab53bf8 method=org.apache.http.impl.conn.Wire.wire(Ljava/lang/String;Ljava/io/InputStream;)V @ 115 c2
Event: 46.044 Thread 0x0000026c4b1ef800 Uncommon trap: reason=unstable_if action=reinterpret pc=0x0000026c3aab24f0 method=java.lang.AbstractStringBuilder.appendChars(Ljava/lang/CharSequence;II)V @ 43 c2

Classes redefined (0 events):
No events

Internal exceptions (10 events):
Event: 57.105 Thread 0x0000026c4acb4800 Exception <a 'java/net/SocketTimeoutException'{0x0000000089422b58}: Read timed out> (0x0000000089422b58) thrown at [t:/workspace/open/src/hotspot/share/prims/jni.cpp, line 636]
Event: 57.114 Thread 0x0000026c4acb4800 Exception <a 'java/net/SocketTimeoutException'{0x0000000089434ac8}: Read timed out> (0x0000000089434ac8) thrown at [t:/workspace/open/src/hotspot/share/prims/jni.cpp, line 636]
Event: 57.123 Thread 0x0000026c4acb4800 Exception <a 'java/net/SocketTimeoutException'{0x000000008948b890}: Read timed out> (0x000000008948b890) thrown at [t:/workspace/open/src/hotspot/share/prims/jni.cpp, line 636]
Event: 57.129 Thread 0x0000026c4acb4800 Exception <a 'java/net/SocketTimeoutException'{0x00000000894a0118}: Read timed out> (0x00000000894a0118) thrown at [t:/workspace/open/src/hotspot/share/prims/jni.cpp, line 636]
Event: 57.135 Thread 0x0000026c4acb4800 Exception <a 'java/net/SocketTimeoutException'{0x00000000894b2088}: Read timed out> (0x00000000894b2088) thrown at [t:/workspace/open/src/hotspot/share/prims/jni.cpp, line 636]
Event: 57.139 Thread 0x0000026c4acb4800 Exception <a 'java/net/SocketTimeoutException'{0x00000000894c6cf0}: Read timed out> (0x00000000894c6cf0) thrown at [t:/workspace/open/src/hotspot/share/prims/jni.cpp, line 636]
Event: 57.149 Thread 0x0000026c4acb4800 Exception <a 'java/net/SocketTimeoutException'{0x00000000894da878}: Read timed out> (0x00000000894da878) thrown at [t:/workspace/open/src/hotspot/share/prims/jni.cpp, line 636]
Event: 57.158 Thread 0x0000026c4acb4800 Exception <a 'java/net/SocketTimeoutException'{0x00000000894ec7e8}: Read timed out> (0x00000000894ec7e8) thrown at [t:/workspace/open/src/hotspot/share/prims/jni.cpp, line 636]
Event: 57.164 Thread 0x0000026c4acb4800 Exception <a 'java/net/SocketTimeoutException'{0x00000000894fea40}: Read timed out> (0x00000000894fea40) thrown at [t:/workspace/open/src/hotspot/share/prims/jni.cpp, line 636]
Event: 57.170 Thread 0x0000026c4acb4800 Exception <a 'java/net/SocketTimeoutException'{0x0000000089313618}: Read timed out> (0x0000000089313618) thrown at [t:/workspace/open/src/hotspot/share/prims/jni.cpp, line 636]

Events (10 events):
Event: 47.739 Executing VM operation: G1CollectForAllocation
Event: 47.747 Executing VM operation: G1CollectForAllocation done
Event: 47.798 Thread 0x0000026c4acb3800 DEOPT PACKING pc=0x0000026c33dddcd5 sp=0x0000009dc62fce10
Event: 47.798 Thread 0x0000026c4acb3800 DEOPT UNPACKING pc=0x0000026c32ea99ce sp=0x0000009dc62fc380 mode 0
Event: 50.560 Thread 0x0000026c4acb3800 DEOPT PACKING pc=0x0000026c33dddcd5 sp=0x0000009dc62fd0c0
Event: 50.560 Thread 0x0000026c4acb3800 DEOPT UNPACKING pc=0x0000026c32ea99ce sp=0x0000009dc62fc630 mode 0
Event: 54.416 Thread 0x0000026c4b1ef800 DEOPT PACKING pc=0x0000026c33dddcd5 sp=0x0000009dc64fcc40
Event: 54.416 Thread 0x0000026c4b1ef800 DEOPT UNPACKING pc=0x0000026c32ea99ce sp=0x0000009dc64fc1b0 mode 0
Event: 57.139 Thread 0x0000026c4acb4800 DEOPT PACKING pc=0x0000026c33dddcd5 sp=0x0000009dc63fca40
Event: 57.139 Thread 0x0000026c4acb4800 DEOPT UNPACKING pc=0x0000026c32ea99ce sp=0x0000009dc63fbfb0 mode 0


Dynamic libraries:
0x00007ff6a0120000 - 0x00007ff6a012f000 	C:\Program Files\Java\jdk-12.0.1\bin\javaw.exe
0x00007ff8db930000 - 0x00007ff8dbb1d000 	C:\Windows\SYSTEM32\ntdll.dll
0x00007ff8d8b60000 - 0x00007ff8d8c13000 	C:\Windows\System32\KERNEL32.DLL
0x00007ff8d80d0000 - 0x00007ff8d8363000 	C:\Windows\System32\KERNELBASE.dll
0x00007ff8d7dc0000 - 0x00007ff8d7eba000 	C:\Windows\System32\ucrtbase.dll
0x00007ff8d08a0000 - 0x00007ff8d08b8000 	C:\Program Files\Java\jdk-12.0.1\bin\jli.dll
0x00007ff8d0880000 - 0x00007ff8d0896000 	C:\Program Files\Java\jdk-12.0.1\bin\VCRUNTIME140.dll
0x00007ff8da4d0000 - 0x00007ff8da573000 	C:\Windows\System32\ADVAPI32.dll
0x00007ff8dae20000 - 0x00007ff8daebe000 	C:\Windows\System32\msvcrt.dll
0x00007ff8da580000 - 0x00007ff8da61e000 	C:\Windows\System32\sechost.dll
0x00007ff8da6a0000 - 0x00007ff8da7c2000 	C:\Windows\System32\RPCRT4.dll
0x00007ff8da290000 - 0x00007ff8da427000 	C:\Windows\System32\USER32.dll
0x00007ff8cf790000 - 0x00007ff8cfa09000 	C:\Windows\WinSxS\amd64_microsoft.windows.common-controls_6595b64144ccf1df_6.0.17763.615_none_05b4414a072024d4\COMCTL32.dll
0x00007ff8d7a00000 - 0x00007ff8d7a20000 	C:\Windows\System32\win32u.dll
0x00007ff8db1b0000 - 0x00007ff8db4dc000 	C:\Windows\System32\combase.dll
0x00007ff8da910000 - 0x00007ff8da939000 	C:\Windows\System32\GDI32.dll
0x00007ff8d8ac0000 - 0x00007ff8d8b3e000 	C:\Windows\System32\bcryptPrimitives.dll
0x00007ff8d7a20000 - 0x00007ff8d7bb9000 	C:\Windows\System32\gdi32full.dll
0x00007ff8d7bc0000 - 0x00007ff8d7c60000 	C:\Windows\System32\msvcp_win.dll
0x00007ff8cfcf0000 - 0x00007ff8cfcfa000 	C:\Windows\SYSTEM32\VERSION.dll
0x00007ff8db8d0000 - 0x00007ff8db8fe000 	C:\Windows\System32\IMM32.DLL
0x00007ff8bbf90000 - 0x00007ff8bc041000 	C:\Program Files\McAfee\Endpoint Security\Threat Prevention\Ips\EpMPApi.dll
0x00007ff8d7d60000 - 0x00007ff8d7db9000 	C:\Windows\System32\WINTRUST.dll
0x00007ff8d7930000 - 0x00007ff8d7942000 	C:\Windows\System32\MSASN1.dll
0x00007ff8d7ef0000 - 0x00007ff8d80cb000 	C:\Windows\System32\CRYPT32.dll
0x0000000056dd0000 - 0x0000000056ddc000 	C:\Program Files\McAfee\Endpoint Security\Threat Prevention\Ips\EpMPThe.dll
0x00007ff8b59c0000 - 0x00007ff8b5a6a000 	C:\Program Files\Java\jdk-12.0.1\bin\msvcp140.dll
0x00007ff888790000 - 0x00007ff889304000 	C:\Program Files\Java\jdk-12.0.1\bin\server\jvm.dll
0x00007ff8db140000 - 0x00007ff8db148000 	C:\Windows\System32\PSAPI.DLL
0x00007ff8d3a60000 - 0x00007ff8d3a69000 	C:\Windows\SYSTEM32\WSOCK32.dll
0x00007ff8db0d0000 - 0x00007ff8db13d000 	C:\Windows\System32\WS2_32.dll
0x00007ff8cffc0000 - 0x00007ff8cffe4000 	C:\Windows\SYSTEM32\WINMM.dll
0x00007ff8cff90000 - 0x00007ff8cffbd000 	C:\Windows\SYSTEM32\WINMMBASE.dll
0x00007ff8d7c60000 - 0x00007ff8d7caa000 	C:\Windows\System32\cfgmgr32.dll
0x00007ff8d7950000 - 0x00007ff8d7961000 	C:\Windows\System32\kernel.appcore.dll
0x00007ff8cfd30000 - 0x00007ff8cfd41000 	C:\Program Files\Java\jdk-12.0.1\bin\verify.dll
0x00007ff8d1650000 - 0x00007ff8d183d000 	C:\Windows\SYSTEM32\DBGHELP.DLL
0x00007ff8d1620000 - 0x00007ff8d164a000 	C:\Windows\SYSTEM32\dbgcore.DLL
0x00007ff8ceae0000 - 0x00007ff8ceb06000 	C:\Program Files\Java\jdk-12.0.1\bin\java.dll
0x00007ff8ced30000 - 0x00007ff8ced47000 	C:\Program Files\Java\jdk-12.0.1\bin\zip.dll
0x00007ff8d0940000 - 0x00007ff8d094a000 	C:\Program Files\Java\jdk-12.0.1\bin\jimage.dll
0x00007ff8d8da0000 - 0x00007ff8da290000 	C:\Windows\System32\SHELL32.dll
0x00007ff8db690000 - 0x00007ff8db738000 	C:\Windows\System32\shcore.dll
0x00007ff8d8370000 - 0x00007ff8d8aba000 	C:\Windows\System32\windows.storage.dll
0x00007ff8d7970000 - 0x00007ff8d7994000 	C:\Windows\System32\profapi.dll
0x00007ff8d79a0000 - 0x00007ff8d79fd000 	C:\Windows\System32\powrprof.dll
0x00007ff8db810000 - 0x00007ff8db862000 	C:\Windows\System32\shlwapi.dll
0x00007ff8d8b40000 - 0x00007ff8d8b57000 	C:\Windows\System32\cryptsp.dll
0x00007ff8ce0b0000 - 0x00007ff8ce0c9000 	C:\Program Files\Java\jdk-12.0.1\bin\net.dll
0x00007ff8d3060000 - 0x00007ff8d3152000 	C:\Windows\SYSTEM32\WINHTTP.dll
0x00007ff8d1e30000 - 0x00007ff8d2007000 	C:\Windows\SYSTEM32\urlmon.dll
0x00007ff8d0970000 - 0x00007ff8d0c18000 	C:\Windows\SYSTEM32\iertutil.dll
0x00007ff8d7310000 - 0x00007ff8d731c000 	C:\Windows\SYSTEM32\CRYPTBASE.DLL
0x00007ff8d7140000 - 0x00007ff8d71a7000 	C:\Windows\system32\mswsock.dll
0x00007ff8ce090000 - 0x00007ff8ce0a3000 	C:\Program Files\Java\jdk-12.0.1\bin\nio.dll
0x00007ff8d6ee0000 - 0x00007ff8d6fa6000 	C:\Windows\SYSTEM32\DNSAPI.dll
0x00007ff8da7d0000 - 0x00007ff8da7d8000 	C:\Windows\System32\NSI.dll
0x00007ff8d6ea0000 - 0x00007ff8d6edd000 	C:\Windows\SYSTEM32\IPHLPAPI.DLL
0x00007ff8d2d30000 - 0x00007ff8d2d3a000 	C:\Windows\System32\rasadhlp.dll
0x00007ff8d3ee0000 - 0x00007ff8d3f59000 	C:\Windows\System32\fwpuclnt.dll
0x00007ff8d7ec0000 - 0x00007ff8d7ee6000 	C:\Windows\System32\bcrypt.dll
0x00007ff8d6d00000 - 0x00007ff8d6d33000 	C:\Windows\system32\rsaenh.dll
0x00007ff8d7830000 - 0x00007ff8d7858000 	C:\Windows\SYSTEM32\USERENV.dll
0x00007ff8d3fe0000 - 0x00007ff8d3ff6000 	C:\Windows\SYSTEM32\dhcpcsvc6.DLL
0x00007ff8d3f60000 - 0x00007ff8d3f7c000 	C:\Windows\SYSTEM32\dhcpcsvc.DLL
0x00007ff8be0d0000 - 0x00007ff8be0f7000 	C:\Program Files\Java\jdk-12.0.1\bin\sunec.dll
0x00007ff8cb420000 - 0x00007ff8cb436000 	C:\Windows\system32\napinsp.dll
0x00007ff8cb3e0000 - 0x00007ff8cb3fa000 	C:\Windows\system32\pnrpnsp.dll
0x00007ff8cb3d0000 - 0x00007ff8cb3de000 	C:\Windows\System32\winrnr.dll
0x00007ff8d3350000 - 0x00007ff8d336b000 	C:\Windows\system32\NLAapi.dll
0x00007ff8cb3b0000 - 0x00007ff8cb3c5000 	C:\Windows\system32\wshbth.dll

dbghelp: loaded successfully - version: 4.0.5 - missing functions: none
symbol engine: initialized successfully - sym options: 0x614 - pdb path: .;C:\Program Files\Java\jdk-12.0.1\bin;C:\Windows\SYSTEM32;C:\Windows\WinSxS\amd64_microsoft.windows.common-controls_6595b64144ccf1df_6.0.17763.615_none_05b4414a072024d4;C:\Program Files\McAfee\Endpoint Security\Threat Prevention\Ips;C:\Program Files\Java\jdk-12.0.1\bin\server

VM Arguments:
jvm_args: -ea -Dfile.encoding=Cp1252 
java_command: org.testng.remote.RemoteTestNG -serport 63586 -protocol json -d C:\Users\ashwanis\git\CPQ\test-output C:\Users\ashwanis\git\CPQ\Suites\NewStandardOrder.xml
java_class_path (initial): C:\Users\ashwanis\Downloads\eclipse\eclipse\configuration\org.eclipse.osgi\1026\0\.cp\lib\testng-remote.jar;C:\Users\ashwanis\git\CPQ\bin;C:\Users\ashwanis\git\CPQ\lib\commons-codec-1.10.jar;C:\Users\ashwanis\git\CPQ\lib\commons-collections4-4.1.jar;C:\Users\ashwanis\git\CPQ\lib\commons-logging-1.2.jar;C:\Users\ashwanis\git\CPQ\lib\curvesapi-1.04.jar;C:\Users\ashwanis\git\CPQ\lib\dom4j-2.1.1.jar;C:\Users\ashwanis\git\CPQ\lib\extentreports-2.41.2.jar;C:\Users\ashwanis\git\CPQ\lib\freemarker-2.3.23.jar;C:\Users\ashwanis\git\CPQ\lib\jaxen-1.1.4.jar;C:\Users\ashwanis\git\CPQ\lib\junit-4.12.jar;C:\Users\ashwanis\git\CPQ\lib\log4j-1.2.17.jar;C:\Users\ashwanis\git\CPQ\lib\pdfbox-app-1.8.15.jar;C:\Users\ashwanis\git\CPQ\lib\pdfbox-app-2.0.11.jar;C:\Users\ashwanis\git\CPQ\lib\poi-3.17.jar;C:\Users\ashwanis\git\CPQ\lib\poi-examples-3.17.jar;C:\Users\ashwanis\git\CPQ\lib\poi-excelant-3.17.jar;C:\Users\ashwanis\git\CPQ\lib\poi-ooxml-3.17.jar;C:\Users\ashwanis\git\CPQ\lib\poi-ooxml-schemas-3.17.jar;C:\Users\ashwanis\git\CPQ\lib\poi-scratchpad-3.17.jar;C:\Users\ashwanis\git\CPQ\lib\selenium-server-standalone-3.4.0.jar;C:\Users\ashwanis\git\CPQ\lib\testng-6.8.5.jar;C:\Users\ashwanis\git\CPQ\lib\xmlbeans-2.6.0.jar
Launcher Type: SUN_STANDARD

[Global flags]
     intx CICompilerCount                          = 3                                         {product} {ergonomic}
     uint ConcGCThreads                            = 1                                         {product} {ergonomic}
     uint G1ConcRefinementThreads                  = 4                                         {product} {ergonomic}
   size_t G1HeapRegionSize                         = 1048576                                   {product} {ergonomic}
    uintx GCDrainStackTargetSize                   = 64                                        {product} {ergonomic}
   size_t InitialHeapSize                          = 134217728                                 {product} {ergonomic}
   size_t MarkStackSize                            = 4194304                                   {product} {ergonomic}
   size_t MaxHeapSize                              = 2118123520                                {product} {ergonomic}
   size_t MaxNewSize                               = 1270874112                                {product} {ergonomic}
   size_t MinHeapDeltaBytes                        = 1048576                                   {product} {ergonomic}
    uintx NonNMethodCodeHeapSize                   = 5830732                                {pd product} {ergonomic}
    uintx NonProfiledCodeHeapSize                  = 122913754                              {pd product} {ergonomic}
    uintx ProfiledCodeHeapSize                     = 122913754                              {pd product} {ergonomic}
    uintx ReservedCodeCacheSize                    = 251658240                              {pd product} {ergonomic}
     bool SegmentedCodeCache                       = true                                      {product} {ergonomic}
     bool UseCompressedClassPointers               = true                                 {lp64_product} {ergonomic}
     bool UseCompressedOops                        = true                                 {lp64_product} {ergonomic}
     bool UseG1GC                                  = true                                      {product} {ergonomic}
     bool UseLargePagesIndividualAllocation        = false                                  {pd product} {ergonomic}

Logging:
Log output configuration:
 #0: stdout all=warning uptime,level,tags
 #1: stderr all=off uptime,level,tags

Environment Variables:
JAVA_HOME=C:\Program Files\Java\jdk-12.0.1
PATH=C:/Program Files/Java/jdk-12.0.1/bin/server;C:/Program Files/Java/jdk-12.0.1/bin;C:\Program Files (x86)\Intel\Intel(R) Management Engine Components\iCLS\;C:\Program Files\Intel\Intel(R) Management Engine Components\iCLS\;C:\Windows\system32;C:\Windows;C:\Windows\System32\Wbem;C:\Windows\System32\WindowsPowerShell\v1.0\;C:\Windows\System32\OpenSSH\;C:\Program Files (x86)\Intel\Intel(R) Management Engine Components\DAL;C:\Program Files\Intel\Intel(R) Management Engine Components\DAL;C:\Program Files (x86)\Intel\Intel(R) Management Engine Components\IPT;C:\Program Files\Intel\Intel(R) Management Engine Components\IPT;C:\Program Files\Git\cmd;C:\apache-maven-3.6.1\bin;C:\Program Files\Java\jdk-12.0.1\bin;C:\Users\ashwanis\AppData\Local\Microsoft\WindowsApps;C:\Users\ashwanis\Downloads\eclipse\eclipse;
USERNAME=ashwanis
OS=Windows_NT
PROCESSOR_IDENTIFIER=Intel64 Family 6 Model 158 Stepping 9, GenuineIntel



---------------  S Y S T E M  ---------------

OS: Windows 10 , 64 bit Build 17763 (10.0.17763.475)

CPU:total 4 (initial active 4) (4 cores per cpu, 1 threads per core) family 6 model 158 stepping 9, cmov, cx8, fxsr, mmx, sse, sse2, sse3, ssse3, sse4.1, sse4.2, popcnt, avx, avx2, aes, clmul, erms, rtm, 3dnowpref, lzcnt, tsc, tscinvbit, bmi1, bmi2, adx, fma

Memory: 4k page, system-wide physical 8076M (460M free)
TotalPageFile size 27207M (AvailPageFile size 6M)
current process WorkingSet (physical memory assigned to process): 212M, peak: 215M
current process commit charge ("private bytes"): 258M, peak: 279M

vm_info: Java HotSpot(TM) 64-Bit Server VM (12.0.1+12) for windows-amd64 JRE (12.0.1+12), built on Apr  2 2019 14:02:19 by "mach5one" with MS VC++ 15.5 (VS2017)

END.
