2019-05-11 20:48:00,962 INFO  [Log] URL 
2019-05-11 20:48:12,369 INFO  [Log] LoginonC4C 
2019-05-11 20:48:12,376 INFO  [Log] C4C_URL 
2019-05-11 20:49:29,207 INFO  [Log] URL 
2019-05-11 20:49:37,079 INFO  [Log] LoginonC4C 
2019-05-11 20:49:37,088 INFO  [Log] C4C_URL 
2019-05-11 20:52:45,212 INFO  [Log] URL 
2019-05-11 20:52:53,921 INFO  [Log] LoginonC4C 
2019-05-11 20:52:53,927 INFO  [Log] C4C_URL 
2019-05-11 20:59:07,556 INFO  [Log] URL 
2019-05-11 20:59:15,691 INFO  [Log] LoginonC4C 
2019-05-11 20:59:15,699 INFO  [Log] C4C_URL 
2019-05-11 21:05:32,559 INFO  [Log] URL 
2019-05-11 21:05:41,027 INFO  [Log] LoginonC4C 
2019-05-11 21:05:41,033 INFO  [Log] C4C_URL 
2019-05-11 21:09:16,100 INFO  [Log] URL 
2019-05-11 21:09:24,975 INFO  [Log] LoginonC4C 
2019-05-11 21:09:24,983 INFO  [Log] C4C_URL 
2019-05-11 21:39:27,517 INFO  [Log] URL 
2019-05-11 21:39:40,419 INFO  [Log] LoginonC4C 
2019-05-11 21:39:40,427 INFO  [Log] C4C_URL 
2019-05-11 21:41:54,312 INFO  [Log] URL 
2019-05-11 21:42:02,754 INFO  [Log] LoginonC4C 
2019-05-11 21:42:02,761 INFO  [Log] C4C_URL 
2019-05-11 21:45:44,243 INFO  [Log] URL 
2019-05-11 21:45:53,042 INFO  [Log] LoginonC4C 
2019-05-11 21:45:53,049 INFO  [Log] C4C_URL 
2019-05-11 21:47:51,797 INFO  [Log] URL 
2019-05-11 21:47:59,068 INFO  [Log] LoginonC4C 
2019-05-11 21:47:59,076 INFO  [Log] C4C_URL 
2019-05-11 21:48:53,751 INFO  [Log] URL 
2019-05-11 21:49:02,552 INFO  [Log] NavigatetoAccount 
2019-05-11 23:29:01,553 INFO  [Log] URL 
2019-05-11 23:29:25,109 INFO  [Log] LoginonC4C 
2019-05-11 23:29:25,117 INFO  [Log] C4C_URL 
2019-05-11 23:33:45,968 INFO  [Log] URL 
2019-05-11 23:33:53,564 INFO  [Log] LoginonC4C 
2019-05-11 23:33:53,573 INFO  [Log] C4C_URL 
2019-05-11 23:38:03,330 INFO  [Log] URL 
2019-05-11 23:38:11,979 INFO  [Log] LoginonC4C 
2019-05-11 23:38:11,988 INFO  [Log] C4C_URL 
2019-05-12 07:24:36,885 INFO  [Log] URL 
2019-05-12 07:24:51,742 INFO  [Log] LoginonC4C 
2019-05-12 07:24:51,751 INFO  [Log] C4C_URL 
2019-05-12 07:32:26,470 INFO  [Log] URL 
2019-05-12 07:32:34,610 INFO  [Log] LoginonC4C 
2019-05-12 07:32:34,615 INFO  [Log] C4C_URL 
2019-05-12 07:35:42,701 INFO  [Log] URL 
2019-05-12 07:35:51,033 INFO  [Log] LoginonC4C 
2019-05-12 07:35:51,042 INFO  [Log] C4C_URL 
2019-05-12 07:39:34,462 INFO  [Log] URL 
2019-05-12 07:39:42,060 INFO  [Log] LoginonC4C 
2019-05-12 07:39:42,067 INFO  [Log] C4C_URL 
2019-05-12 07:40:20,198 INFO  [Log] URL 
2019-05-12 07:40:27,270 INFO  [Log] LoginonC4C 
2019-05-12 07:40:27,276 INFO  [Log] C4C_URL 
2019-05-12 07:41:03,496 INFO  [Log] URL 
2019-05-12 07:41:10,655 INFO  [Log] LoginonC4C 
2019-05-12 07:41:10,661 INFO  [Log] C4C_URL 
2019-05-12 07:44:34,856 INFO  [Log] URL 
2019-05-12 07:44:41,978 INFO  [Log] LoginonC4C 
2019-05-12 07:44:41,985 INFO  [Log] C4C_URL 
2019-05-12 07:55:19,760 INFO  [Log] URL 
2019-05-12 07:55:27,016 INFO  [Log] LoginonC4C 
2019-05-12 07:55:27,022 INFO  [Log] C4C_URL 
2019-05-12 07:56:00,062 INFO  [Log] URL 
2019-05-12 07:56:07,346 INFO  [Log] LoginonC4C 
2019-05-12 07:56:07,353 INFO  [Log] C4C_URL 
2019-05-12 08:01:09,314 INFO  [Log] URL 
2019-05-12 08:04:31,289 INFO  [Log] URL 
2019-05-12 08:09:52,783 INFO  [Log] URL 
2019-05-12 08:14:21,189 INFO  [Log] URL 
2019-05-12 08:20:12,492 INFO  [Log] URL 
2019-05-12 08:21:27,111 INFO  [Log] URL 
2019-05-12 08:21:39,147 INFO  [Log] LoginonC4C 
2019-05-12 08:21:39,155 INFO  [Log] C4C_URL 
2019-05-12 08:22:59,579 INFO  [Log] URL 
2019-05-12 08:23:11,690 INFO  [Log] LoginonC4C 
2019-05-12 08:23:11,696 INFO  [Log] C4C_URL 
2019-05-12 08:24:38,308 INFO  [Log] URL 
2019-05-12 08:24:49,749 INFO  [Log] LoginonC4C 
2019-05-12 08:24:49,755 INFO  [Log] C4C_URL 
2019-05-12 08:25:21,348 INFO  [Log] URL 
2019-05-12 08:25:32,307 INFO  [Log] LoginonC4C 
2019-05-12 08:25:32,313 INFO  [Log] C4C_URL 
2019-05-12 08:36:46,299 INFO  [Log] URL 
2019-05-12 08:36:57,816 INFO  [Log] LoginonC4C 
2019-05-12 08:36:57,821 INFO  [Log] C4C_URL 
2019-05-12 08:41:27,782 INFO  [Log] URL 
2019-05-12 08:41:38,943 INFO  [Log] LoginonC4C 
2019-05-12 08:41:38,950 INFO  [Log] C4C_URL 
2019-05-12 08:49:56,979 INFO  [Log] URL 
2019-05-12 08:50:08,132 INFO  [Log] LoginonC4C 
2019-05-12 08:50:08,138 INFO  [Log] C4C_URL 
2019-05-12 08:50:42,443 INFO  [Log] URL 
2019-05-12 08:50:53,422 INFO  [Log] LoginonC4C 
2019-05-12 08:50:53,429 INFO  [Log] C4C_URL 
2019-05-12 08:51:26,323 INFO  [Log] URL 
2019-05-12 08:51:37,522 INFO  [Log] LoginonC4C 
2019-05-12 08:51:37,528 INFO  [Log] C4C_URL 
2019-05-12 09:00:25,303 INFO  [Log] URL 
2019-05-12 09:00:36,451 INFO  [Log] LoginonC4C 
2019-05-12 09:00:36,458 INFO  [Log] C4C_URL 
2019-05-12 09:17:24,874 INFO  [Log] URL 
2019-05-12 09:17:36,446 INFO  [Log] LoginonC4C 
2019-05-12 09:17:36,452 INFO  [Log] C4C_URL 
2019-05-12 09:17:57,300 INFO  [Log] URL 
2019-05-12 09:18:08,529 INFO  [Log] LoginonC4C 
2019-05-12 09:18:08,535 INFO  [Log] C4C_URL 
2019-05-12 09:29:19,512 INFO  [Log] URL 
2019-05-12 09:29:31,919 INFO  [Log] LoginonC4C 
2019-05-12 09:29:31,926 INFO  [Log] C4C_URL 
2019-05-12 09:29:53,347 INFO  [Log] URL 
2019-05-12 09:30:04,353 INFO  [Log] LoginonC4C 
2019-05-12 09:30:04,359 INFO  [Log] C4C_URL 
2019-05-12 09:36:28,962 INFO  [Log] URL 
2019-05-12 09:36:41,391 INFO  [Log] LoginonC4C 
2019-05-12 09:36:41,400 INFO  [Log] C4C_URL 
2019-05-12 09:42:13,895 INFO  [Log] URL 
2019-05-12 09:42:25,334 INFO  [Log] LoginonC4C 
2019-05-12 09:42:25,341 INFO  [Log] C4C_URL 
2019-05-12 09:45:53,714 INFO  [Log] URL 
2019-05-12 09:46:05,504 INFO  [Log] LoginonC4C 
2019-05-12 09:46:05,509 INFO  [Log] C4C_URL 
2019-05-12 09:53:25,665 INFO  [Log] URL 
2019-05-12 09:53:37,259 INFO  [Log] LoginonC4C 
2019-05-12 09:53:37,266 INFO  [Log] C4C_URL 
2019-05-12 10:13:02,697 INFO  [Log] URL 
2019-05-12 10:13:15,454 INFO  [Log] LoginonC4C 
2019-05-12 10:13:15,467 INFO  [Log] C4C_URL 
2019-05-12 10:15:20,840 INFO  [Log] URL 
2019-05-12 10:15:33,975 INFO  [Log] LoginonC4C 
2019-05-12 10:15:33,984 INFO  [Log] C4C_URL 
2019-05-12 10:19:31,470 INFO  [Log] URL 
2019-05-12 10:19:42,760 INFO  [Log] LoginonC4C 
2019-05-12 10:19:42,767 INFO  [Log] C4C_URL 
2019-05-12 10:27:11,473 INFO  [Log] URL 
2019-05-12 10:27:22,547 INFO  [Log] LoginonC4C 
2019-05-12 10:27:22,553 INFO  [Log] C4C_URL 
2019-05-12 10:38:55,504 INFO  [Log] URL 
2019-05-12 10:39:06,722 INFO  [Log] LoginonC4C 
2019-05-12 10:39:06,728 INFO  [Log] C4C_URL 
2019-05-12 10:42:18,288 INFO  [Log] URL 
2019-05-12 10:42:29,596 INFO  [Log] LoginonC4C 
2019-05-12 10:42:29,602 INFO  [Log] C4C_URL 
2019-05-12 10:44:44,883 INFO  [Log] URL 
2019-05-12 10:44:56,087 INFO  [Log] LoginonC4C 
2019-05-12 10:44:56,093 INFO  [Log] C4C_URL 
2019-05-12 10:48:01,235 INFO  [Log] URL 
2019-05-12 10:48:12,525 INFO  [Log] LoginonC4C 
2019-05-12 10:48:12,532 INFO  [Log] C4C_URL 
2019-05-12 10:54:14,667 INFO  [Log] URL 
2019-05-12 10:54:25,853 INFO  [Log] LoginonC4C 
2019-05-12 10:54:25,859 INFO  [Log] C4C_URL 
2019-05-12 10:58:09,899 INFO  [Log] URL 
2019-05-12 10:58:21,053 INFO  [Log] LoginonC4C 
2019-05-12 10:58:21,059 INFO  [Log] C4C_URL 
2019-05-12 11:14:51,250 INFO  [Log] URL 
2019-05-12 11:15:02,432 INFO  [Log] LoginonC4C 
2019-05-12 11:15:02,438 INFO  [Log] C4C_URL 
2019-05-12 11:22:22,183 INFO  [Log] URL 
2019-05-12 11:22:33,305 INFO  [Log] LoginonC4C 
2019-05-12 11:22:33,312 INFO  [Log] C4C_URL 
2019-05-12 11:29:36,026 INFO  [Log] URL 
2019-05-12 11:29:47,022 INFO  [Log] LoginonC4C 
2019-05-12 11:29:47,028 INFO  [Log] C4C_URL 
2019-05-12 11:41:51,177 INFO  [Log] URL 
2019-05-12 11:42:02,382 INFO  [Log] LoginonC4C 
2019-05-12 11:42:02,389 INFO  [Log] C4C_URL 
2019-05-12 11:49:51,155 INFO  [Log] URL 
2019-05-12 11:50:02,393 INFO  [Log] LoginonC4C 
2019-05-12 11:50:02,403 INFO  [Log] C4C_URL 
2019-05-12 11:50:30,318 INFO  [Log] URL 
2019-05-12 11:50:41,591 INFO  [Log] LoginonC4C 
2019-05-12 11:50:41,598 INFO  [Log] C4C_URL 
2019-05-12 11:57:40,445 INFO  [Log] URL 
2019-05-12 11:57:51,672 INFO  [Log] LoginonC4C 
2019-05-12 11:57:51,680 INFO  [Log] C4C_URL 
2019-05-12 12:06:20,782 INFO  [Log] URL 
2019-05-12 12:06:31,760 INFO  [Log] LoginonC4C 
2019-05-12 12:06:31,769 INFO  [Log] C4C_URL 
2019-05-12 12:06:59,885 INFO  [Log] URL 
2019-05-12 12:07:11,276 INFO  [Log] LoginonC4C 
2019-05-12 12:07:11,282 INFO  [Log] C4C_URL 
2019-05-12 12:19:03,132 INFO  [Log] URL 
2019-05-12 12:19:14,364 INFO  [Log] LoginonC4C 
2019-05-12 12:19:14,370 INFO  [Log] C4C_URL 
2019-05-12 12:51:56,886 INFO  [Log] URL 
2019-05-12 12:52:08,094 INFO  [Log] LoginonC4C 
2019-05-12 12:52:08,100 INFO  [Log] C4C_URL 
2019-05-12 13:00:19,626 INFO  [Log] URL 
2019-05-12 13:00:30,689 INFO  [Log] LoginonC4C 
2019-05-12 13:00:30,698 INFO  [Log] C4C_URL 
2019-05-12 13:04:01,436 INFO  [Log] URL 
2019-05-12 13:04:12,345 INFO  [Log] LoginonC4C 
2019-05-12 13:04:12,351 INFO  [Log] C4C_URL 
2019-05-12 13:13:01,747 INFO  [Log] URL 
2019-05-12 13:13:12,791 INFO  [Log] LoginonC4C 
2019-05-12 13:13:12,798 INFO  [Log] C4C_URL 
2019-05-12 13:13:47,939 INFO  [Log] URL 
2019-05-12 13:13:59,001 INFO  [Log] LoginonC4C 
2019-05-12 13:13:59,007 INFO  [Log] C4C_URL 
2019-05-12 13:23:16,090 INFO  [Log] URL 
2019-05-12 13:23:27,463 INFO  [Log] LoginonC4C 
2019-05-12 13:23:27,469 INFO  [Log] C4C_URL 
2019-05-12 13:33:09,761 INFO  [Log] URL 
2019-05-12 13:33:21,127 INFO  [Log] LoginonC4C 
2019-05-12 13:33:21,133 INFO  [Log] C4C_URL 
2019-05-12 13:42:04,573 INFO  [Log] URL 
2019-05-12 13:42:15,590 INFO  [Log] LoginonC4C 
2019-05-12 13:42:15,596 INFO  [Log] C4C_URL 
2019-05-12 14:17:52,992 INFO  [Log] URL 
2019-05-12 14:18:04,453 INFO  [Log] LoginonC4C 
2019-05-12 14:18:04,460 INFO  [Log] C4C_URL 
2019-05-12 14:30:46,734 INFO  [Log] URL 
2019-05-12 14:30:57,686 INFO  [Log] LoginonC4C 
2019-05-12 14:30:57,692 INFO  [Log] C4C_URL 
2019-05-12 14:31:55,424 INFO  [Log] URL 
2019-05-12 14:32:06,344 INFO  [Log] LoginonC4C 
2019-05-12 14:32:06,350 INFO  [Log] C4C_URL 
2019-05-12 14:42:15,437 INFO  [Log] URL 
2019-05-12 14:42:27,000 INFO  [Log] LoginonC4C 
2019-05-12 14:42:27,007 INFO  [Log] C4C_URL 
2019-05-12 15:37:54,659 INFO  [Log] URL 
2019-05-12 15:38:07,497 INFO  [Log] LoginonC4C 
2019-05-12 15:38:07,504 INFO  [Log] C4C_URL 
2019-05-12 15:49:02,154 INFO  [Log] URL 
2019-05-12 15:49:14,197 INFO  [Log] LoginonC4C 
2019-05-12 15:49:14,203 INFO  [Log] C4C_URL 
2019-05-12 15:50:34,141 INFO  [Log] URL 
2019-05-12 15:50:45,355 INFO  [Log] LoginonC4C 
2019-05-12 15:50:45,361 INFO  [Log] C4C_URL 
2019-05-12 15:53:16,917 INFO  [Log] URL 
2019-05-12 15:53:28,629 INFO  [Log] LoginonC4C 
2019-05-12 15:53:28,637 INFO  [Log] C4C_URL 
2019-05-12 16:02:48,568 INFO  [Log] URL 
2019-05-12 16:03:00,042 INFO  [Log] LoginonC4C 
2019-05-12 16:03:00,047 INFO  [Log] C4C_URL 
2019-05-12 16:12:42,062 INFO  [Log] URL 
2019-05-12 16:12:53,487 INFO  [Log] LoginonC4C 
2019-05-12 16:12:53,493 INFO  [Log] C4C_URL 
2019-05-12 16:24:26,348 INFO  [Log] URL 
2019-05-12 16:24:37,606 INFO  [Log] LoginonC4C 
2019-05-12 16:24:37,612 INFO  [Log] C4C_URL 
2019-05-12 16:33:40,938 INFO  [Log] URL 
2019-05-12 16:33:54,188 INFO  [Log] LoginonC4C 
2019-05-12 16:33:54,195 INFO  [Log] C4C_URL 
2019-05-12 16:47:25,066 INFO  [Log] URL 
2019-05-12 16:47:37,231 INFO  [Log] LoginonC4C 
2019-05-12 16:47:37,237 INFO  [Log] C4C_URL 
2019-05-12 16:54:47,086 INFO  [Log] Clicking on element with using java script click 
2019-05-12 17:07:33,654 INFO  [Log] URL 
2019-05-12 17:07:46,151 INFO  [Log] LoginonC4C 
2019-05-12 17:07:46,159 INFO  [Log] C4C_URL 
2019-05-12 17:15:11,164 INFO  [Log] URL 
2019-05-12 17:15:23,951 INFO  [Log] LoginonC4C 
2019-05-12 17:15:23,960 INFO  [Log] C4C_URL 
2019-05-12 17:36:40,860 INFO  [Log] URL 
2019-05-12 17:36:52,278 INFO  [Log] LoginonC4C 
2019-05-12 17:36:52,286 INFO  [Log] C4C_URL 
2019-05-12 17:47:13,446 INFO  [Log] URL 
2019-05-12 17:47:26,852 INFO  [Log] LoginonC4C 
2019-05-12 17:47:26,860 INFO  [Log] C4C_URL 
2019-05-12 17:47:53,160 INFO  [Log] URL 
2019-05-12 17:48:04,380 INFO  [Log] LoginonC4C 
2019-05-12 17:48:04,390 INFO  [Log] C4C_URL 
2019-05-12 17:52:29,649 INFO  [Log] URL 
2019-05-12 17:52:42,515 INFO  [Log] LoginonC4C 
2019-05-12 17:52:42,523 INFO  [Log] C4C_URL 
2019-05-12 17:58:22,887 INFO  [Log] URL 
2019-05-12 17:58:36,988 INFO  [Log] LoginonC4C 
2019-05-12 17:58:36,996 INFO  [Log] C4C_URL 
2019-05-12 18:01:07,689 INFO  [Log] URL 
2019-05-12 18:01:20,539 INFO  [Log] LoginonC4C 
2019-05-12 18:01:20,548 INFO  [Log] C4C_URL 
2019-05-12 18:01:45,854 INFO  [Log] URL 
2019-05-12 18:01:58,359 INFO  [Log] LoginonC4C 
2019-05-12 18:01:58,365 INFO  [Log] C4C_URL 
2019-05-12 18:07:25,463 INFO  [Log] URL 
2019-05-12 18:07:38,489 INFO  [Log] LoginonC4C 
2019-05-12 18:07:38,497 INFO  [Log] C4C_URL 
2019-05-12 18:20:21,390 INFO  [Log] URL 
2019-05-12 18:20:33,875 INFO  [Log] LoginonC4C 
2019-05-12 18:20:33,882 INFO  [Log] C4C_URL 
2019-05-12 18:36:07,443 INFO  [Log] URL 
2019-05-12 18:36:20,405 INFO  [Log] LoginonC4C 
2019-05-12 18:36:20,412 INFO  [Log] C4C_URL 
2019-05-12 18:45:01,562 INFO  [Log] URL 
2019-05-12 18:45:14,372 INFO  [Log] LoginonC4C 
2019-05-12 18:45:14,378 INFO  [Log] C4C_URL 
2019-05-12 19:25:27,858 INFO  [Log] URL 
2019-05-12 19:25:50,647 INFO  [Log] LoginonC4C 
2019-05-12 19:25:50,654 INFO  [Log] C4C_URL 
2019-05-13 06:05:17,557 INFO  [Log] Total Data Set for Ethernet P2P will be1 
2019-05-13 06:05:17,599 INFO  [Log] The Value is in Int Format and Value is:265292 
2019-05-13 06:05:17,599 INFO  [Log] The Value of this cell is in String Format and Value is : Ethernet > Ethernet Line 
2019-05-13 06:05:17,599 INFO  [Log] The Value of this cell is in String Format and Value is : 16 Rue Friant, 75014 Paris, France 
2019-05-13 06:05:17,599 INFO  [Log] The Value of this cell is in String Format and Value is : 16 Rue Friant, 75014 Paris, France 
2019-05-13 06:05:17,600 INFO  [Log] The Value of this cell is in String Format and Value is : 1 Year 
2019-05-13 06:05:17,600 INFO  [Log] The Value of this cell is in String Format and Value is : 1 Gbps 
2019-05-13 06:05:17,600 INFO  [Log] The Value of this cell is in String Format and Value is : Unprotected 
2019-05-13 06:05:17,601 INFO  [Log] The Value of this cell is in String Format and Value is : Onnet 
2019-05-13 06:05:17,601 INFO  [Log] The Value of this cell is in String Format and Value is : Onnet 
2019-05-13 06:05:17,601 INFO  [Log] The Value of this cell is in String Format and Value is : Fast Track 
2019-05-13 06:05:17,601 INFO  [Log] The Value of this cell is in String Format and Value is : Ashwani 
2019-05-13 06:05:17,601 INFO  [Log] The Value of this cell is in String Format and Value is : Singh 
2019-05-13 06:05:17,601 INFO  [Log] The Value of this cell is in String Format and Value is : Ashwani.singh31@colt.net 
2019-05-13 06:05:17,602 INFO  [Log] The Value of this cell is in String Format and Value is : 44 8882216537 
2019-05-13 06:05:17,602 INFO  [Log] The Value is in Int Format and Value is:123566534 
2019-05-13 06:05:17,603 INFO  [Log] The Value is in Int Format and Value is:2147483647 
2019-05-13 06:05:17,603 INFO  [Log] The Value is in Int Format and Value is:10000 
2019-05-13 06:05:17,603 INFO  [Log] The Value of this cell is in String Format and Value is : Email 
2019-05-13 06:05:17,603 INFO  [Log] The Value of this cell is in String Format and Value is : ashwanis@360logica.com 
2019-05-13 06:05:17,603 INFO  [Log] The Value of this cell is in String Format and Value is : Atest 
2019-05-13 06:05:17,604 INFO  [Log] The Value of this cell is in String Format and Value is : BTest 
2019-05-13 06:05:17,604 INFO  [Log] The Value of this cell is: Ethernet New Standard Order 
2019-05-13 06:05:17,604 INFO  [Log] The Value of this cell is: Yes 
2019-05-13 06:05:17,604 INFO  [Log] 1 
2019-05-13 06:05:41,255 INFO  [Log] Total Data Set for Ethernet P2P will be1 
2019-05-13 06:05:41,272 INFO  [Log] The Value is in Int Format and Value is:265292 
2019-05-13 06:05:41,273 INFO  [Log] The Value of this cell is in String Format and Value is : Ethernet > Ethernet Line 
2019-05-13 06:05:41,273 INFO  [Log] The Value of this cell is in String Format and Value is : 16 Rue Friant, 75014 Paris, France 
2019-05-13 06:05:41,273 INFO  [Log] The Value of this cell is in String Format and Value is : 16 Rue Friant, 75014 Paris, France 
2019-05-13 06:05:41,274 INFO  [Log] The Value of this cell is in String Format and Value is : 1 Year 
2019-05-13 06:05:41,274 INFO  [Log] The Value of this cell is in String Format and Value is : 1 Gbps 
2019-05-13 06:05:41,274 INFO  [Log] The Value of this cell is in String Format and Value is : Unprotected 
2019-05-13 06:05:41,275 INFO  [Log] The Value of this cell is in String Format and Value is : Onnet 
2019-05-13 06:05:41,275 INFO  [Log] The Value of this cell is in String Format and Value is : Onnet 
2019-05-13 06:05:41,275 INFO  [Log] The Value of this cell is in String Format and Value is : Fast Track 
2019-05-13 06:05:41,275 INFO  [Log] The Value of this cell is in String Format and Value is : Ashwani 
2019-05-13 06:05:41,276 INFO  [Log] The Value of this cell is in String Format and Value is : Singh 
2019-05-13 06:05:41,276 INFO  [Log] The Value of this cell is in String Format and Value is : Ashwani.singh31@colt.net 
2019-05-13 06:05:41,276 INFO  [Log] The Value of this cell is in String Format and Value is : 44 8882216537 
2019-05-13 06:05:41,277 INFO  [Log] The Value is in Int Format and Value is:123566534 
2019-05-13 06:05:41,277 INFO  [Log] The Value is in Int Format and Value is:2147483647 
2019-05-13 06:05:41,277 INFO  [Log] The Value is in Int Format and Value is:10000 
2019-05-13 06:05:41,277 INFO  [Log] The Value of this cell is in String Format and Value is : Email 
2019-05-13 06:05:41,278 INFO  [Log] The Value of this cell is in String Format and Value is : ashwanis@360logica.com 
2019-05-13 06:05:41,278 INFO  [Log] The Value of this cell is in String Format and Value is : Atest 
2019-05-13 06:05:41,278 INFO  [Log] The Value of this cell is in String Format and Value is : BTest 
2019-05-13 06:05:41,278 INFO  [Log] The Value of this cell is: Ethernet New Standard Order 
2019-05-13 06:05:41,278 INFO  [Log] The Value of this cell is: Yes 
2019-05-13 06:05:41,278 INFO  [Log] 1 
2019-05-13 07:36:28,095 INFO  [Log] I am on Start method CPQ End to End Order 
2019-05-13 07:36:29,689 INFO  [Log] Total Data Set for Ethernet P2P will be1 
2019-05-13 07:36:29,701 INFO  [Log] The Value is in Int Format and Value is:100119208 
2019-05-13 07:36:29,703 INFO  [Log] The Value is in Int Format and Value is:265292 
2019-05-13 07:36:29,703 INFO  [Log] The Value of this cell is in String Format and Value is : Ethernet > Ethernet Line 
2019-05-13 07:36:29,703 INFO  [Log] The Value of this cell is in String Format and Value is : 16 Rue Friant, 75014 Paris, France 
2019-05-13 07:36:29,703 INFO  [Log] The Value of this cell is in String Format and Value is : 16 Rue Friant, 75014 Paris, France 
2019-05-13 07:36:29,703 INFO  [Log] The Value of this cell is in String Format and Value is : 1 Year 
2019-05-13 07:36:29,703 INFO  [Log] The Value of this cell is in String Format and Value is : 1 Gbps 
2019-05-13 07:36:29,704 INFO  [Log] The Value of this cell is in String Format and Value is : Unprotected 
2019-05-13 07:36:29,704 INFO  [Log] The Value of this cell is in String Format and Value is : Onnet 
2019-05-13 07:36:29,706 INFO  [Log] The Value of this cell is in String Format and Value is : Onnet 
2019-05-13 07:36:29,706 INFO  [Log] The Value of this cell is in String Format and Value is : Fast Track 
2019-05-13 07:36:29,706 INFO  [Log] The Value of this cell is in String Format and Value is : Ashwani 
2019-05-13 07:36:29,706 INFO  [Log] The Value of this cell is in String Format and Value is : Singh 
2019-05-13 07:36:29,706 INFO  [Log] The Value of this cell is in String Format and Value is : Ashwani.singh31@colt.net 
2019-05-13 07:36:29,707 INFO  [Log] The Value of this cell is in String Format and Value is : 44 8882216537 
2019-05-13 07:36:29,707 INFO  [Log] The Value is in Int Format and Value is:123566534 
2019-05-13 07:36:29,708 INFO  [Log] The Value is in Int Format and Value is:2147483647 
2019-05-13 07:36:29,708 INFO  [Log] The Value is in Int Format and Value is:10000 
2019-05-13 07:36:29,709 INFO  [Log] The Value of this cell is in String Format and Value is : Email 
2019-05-13 07:36:29,709 INFO  [Log] The Value of this cell is in String Format and Value is : ashwanis@360logica.com 
2019-05-13 07:36:29,709 INFO  [Log] The Value of this cell is in String Format and Value is : Atest 
2019-05-13 07:36:29,710 INFO  [Log] The Value of this cell is in String Format and Value is : BTest 
2019-05-13 07:36:29,711 INFO  [Log] The Value of this cell is: Ethernet New Standard Order 
2019-05-13 07:36:29,711 INFO  [Log] The Value of this cell is: Yes 
2019-05-13 07:36:29,716 INFO  [Log] URL 
2019-05-13 07:36:46,940 INFO  [Log] EndtoEndOrder 
2019-05-13 07:36:46,951 INFO  [Log] I am on TestStart method EndtoEndOrder start 
2019-05-13 07:36:47,137 INFO  [Log] C4C_URL 
2019-05-13 07:37:26,043 INFO  [Log] I am on TestFailure method EndtoEndOrder failed 
2019-05-13 07:37:26,776 INFO  [Log] I am on Finish method CPQ End to End Order 
2019-05-13 08:05:28,736 INFO  [Log] I am on Start method CPQ End to End Order 
2019-05-13 08:05:30,300 INFO  [Log] Total Data Set for Ethernet P2P will be1 
2019-05-13 08:05:30,317 INFO  [Log] The Value is in Int Format and Value is:100119208 
2019-05-13 08:05:30,318 INFO  [Log] The Value is in Int Format and Value is:265292 
2019-05-13 08:05:30,318 INFO  [Log] The Value of this cell is in String Format and Value is : Ethernet > Ethernet Line 
2019-05-13 08:05:30,318 INFO  [Log] The Value of this cell is in String Format and Value is : 16 Rue Friant, 75014 Paris, France 
2019-05-13 08:05:30,319 INFO  [Log] The Value of this cell is in String Format and Value is : 16 Rue Friant, 75014 Paris, France 
2019-05-13 08:05:30,319 INFO  [Log] The Value of this cell is in String Format and Value is : 1 Year 
2019-05-13 08:05:30,319 INFO  [Log] The Value of this cell is in String Format and Value is : 1 Gbps 
2019-05-13 08:05:30,320 INFO  [Log] The Value of this cell is in String Format and Value is : Unprotected 
2019-05-13 08:05:30,321 INFO  [Log] The Value of this cell is in String Format and Value is : Onnet 
2019-05-13 08:05:30,321 INFO  [Log] The Value of this cell is in String Format and Value is : Onnet 
2019-05-13 08:05:30,321 INFO  [Log] The Value of this cell is in String Format and Value is : Fast Track 
2019-05-13 08:05:30,321 INFO  [Log] The Value of this cell is in String Format and Value is : Ashwani 
2019-05-13 08:05:30,322 INFO  [Log] The Value of this cell is in String Format and Value is : Singh 
2019-05-13 08:05:30,323 INFO  [Log] The Value of this cell is in String Format and Value is : Ashwani.singh31@colt.net 
2019-05-13 08:05:30,323 INFO  [Log] The Value of this cell is in String Format and Value is : 44 8882216537 
2019-05-13 08:05:30,324 INFO  [Log] The Value is in Int Format and Value is:123566534 
2019-05-13 08:05:30,324 INFO  [Log] The Value is in Int Format and Value is:2147483647 
2019-05-13 08:05:30,325 INFO  [Log] The Value is in Int Format and Value is:10000 
2019-05-13 08:05:30,326 INFO  [Log] The Value of this cell is in String Format and Value is : Email 
2019-05-13 08:05:30,326 INFO  [Log] The Value of this cell is in String Format and Value is : ashwanis@360logica.com 
2019-05-13 08:05:30,326 INFO  [Log] The Value of this cell is in String Format and Value is : Atest 
2019-05-13 08:05:30,327 INFO  [Log] The Value of this cell is in String Format and Value is : BTest 
2019-05-13 08:05:30,327 INFO  [Log] The Value of this cell is: Ethernet New Standard Order 
2019-05-13 08:05:30,327 INFO  [Log] The Value of this cell is: Yes 
2019-05-13 08:05:30,332 INFO  [Log] URL 
2019-05-13 08:05:42,171 INFO  [Log] EndtoEndOrder 
2019-05-13 08:05:42,177 INFO  [Log] I am on TestStart method EndtoEndOrder start 
2019-05-13 08:05:42,257 INFO  [Log] C4C_URL 
2019-05-13 08:06:33,979 INFO  [Log] I am on TestFailure method EndtoEndOrder failed 
2019-05-13 08:06:34,395 INFO  [Log] I am on Finish method CPQ End to End Order 
2019-05-13 08:13:15,607 INFO  [Log] I am on Start method CPQ End to End Order 
2019-05-13 08:13:17,227 INFO  [Log] Total Data Set for Ethernet P2P will be1 
2019-05-13 08:13:17,242 INFO  [Log] The Value is in Int Format and Value is:100119208 
2019-05-13 08:13:17,242 INFO  [Log] The Value is in Int Format and Value is:265292 
2019-05-13 08:13:17,243 INFO  [Log] The Value of this cell is in String Format and Value is : Ethernet > Ethernet Line 
2019-05-13 08:13:17,243 INFO  [Log] The Value of this cell is in String Format and Value is : 16 Rue Friant, 75014 Paris, France 
2019-05-13 08:13:17,243 INFO  [Log] The Value of this cell is in String Format and Value is : 16 Rue Friant, 75014 Paris, France 
2019-05-13 08:13:17,244 INFO  [Log] The Value of this cell is in String Format and Value is : 1 Year 
2019-05-13 08:13:17,244 INFO  [Log] The Value of this cell is in String Format and Value is : 1 Gbps 
2019-05-13 08:13:17,245 INFO  [Log] The Value of this cell is in String Format and Value is : Unprotected 
2019-05-13 08:13:17,245 INFO  [Log] The Value of this cell is in String Format and Value is : Onnet 
2019-05-13 08:13:17,245 INFO  [Log] The Value of this cell is in String Format and Value is : Onnet 
2019-05-13 08:13:17,246 INFO  [Log] The Value of this cell is in String Format and Value is : Fast Track 
2019-05-13 08:13:17,246 INFO  [Log] The Value of this cell is in String Format and Value is : Ashwani 
2019-05-13 08:13:17,246 INFO  [Log] The Value of this cell is in String Format and Value is : Singh 
2019-05-13 08:13:17,247 INFO  [Log] The Value of this cell is in String Format and Value is : Ashwani.singh31@colt.net 
2019-05-13 08:13:17,247 INFO  [Log] The Value of this cell is in String Format and Value is : 44 8882216537 
2019-05-13 08:13:17,249 INFO  [Log] The Value is in Int Format and Value is:123566534 
2019-05-13 08:13:17,249 INFO  [Log] The Value is in Int Format and Value is:2147483647 
2019-05-13 08:13:17,250 INFO  [Log] The Value is in Int Format and Value is:10000 
2019-05-13 08:13:17,250 INFO  [Log] The Value of this cell is in String Format and Value is : Email 
2019-05-13 08:13:17,251 INFO  [Log] The Value of this cell is in String Format and Value is : ashwanis@360logica.com 
2019-05-13 08:13:17,251 INFO  [Log] The Value of this cell is in String Format and Value is : Atest 
2019-05-13 08:13:17,251 INFO  [Log] The Value of this cell is in String Format and Value is : BTest 
2019-05-13 08:13:17,251 INFO  [Log] The Value of this cell is: Ethernet New Standard Order 
2019-05-13 08:13:17,252 INFO  [Log] The Value of this cell is: Yes 
2019-05-13 08:13:17,257 INFO  [Log] URL 
2019-05-13 08:13:29,026 INFO  [Log] Ethernet New Standard Order 
2019-05-13 08:13:29,033 INFO  [Log] I am on TestStart method EndtoEndOrder start 
2019-05-13 08:13:29,163 INFO  [Log] C4C_URL 
2019-05-13 08:17:29,738 INFO  [Log] I am on TestFailure method EndtoEndOrder failed 
2019-05-13 08:17:34,056 INFO  [Log] I am on Finish method CPQ End to End Order 
2019-05-13 08:22:59,373 INFO  [Log] I am on Start method CPQ End to End Order 
2019-05-13 08:23:00,956 INFO  [Log] Total Data Set for Ethernet P2P will be1 
2019-05-13 08:23:00,969 INFO  [Log] The Value is in Int Format and Value is:100119208 
2019-05-13 08:23:00,970 INFO  [Log] The Value is in Int Format and Value is:265292 
2019-05-13 08:23:00,970 INFO  [Log] The Value of this cell is in String Format and Value is : Ethernet > Ethernet Line 
2019-05-13 08:23:00,971 INFO  [Log] The Value of this cell is in String Format and Value is : 16 Rue Friant, 75014 Paris, France 
2019-05-13 08:23:00,971 INFO  [Log] The Value of this cell is in String Format and Value is : 16 Rue Friant, 75014 Paris, France 
2019-05-13 08:23:00,971 INFO  [Log] The Value of this cell is in String Format and Value is : 1 Year 
2019-05-13 08:23:00,971 INFO  [Log] The Value of this cell is in String Format and Value is : 1 Gbps 
2019-05-13 08:23:00,972 INFO  [Log] The Value of this cell is in String Format and Value is : Unprotected 
2019-05-13 08:23:00,973 INFO  [Log] The Value of this cell is in String Format and Value is : Onnet 
2019-05-13 08:23:00,973 INFO  [Log] The Value of this cell is in String Format and Value is : Onnet 
2019-05-13 08:23:00,973 INFO  [Log] The Value of this cell is in String Format and Value is : Fast Track 
2019-05-13 08:23:00,974 INFO  [Log] The Value of this cell is in String Format and Value is : Ashwani 
2019-05-13 08:23:00,974 INFO  [Log] The Value of this cell is in String Format and Value is : Singh 
2019-05-13 08:23:00,974 INFO  [Log] The Value of this cell is in String Format and Value is : Ashwani.singh31@colt.net 
2019-05-13 08:23:00,975 INFO  [Log] The Value of this cell is in String Format and Value is : 44 8882216537 
2019-05-13 08:23:00,976 INFO  [Log] The Value is in Int Format and Value is:123566534 
2019-05-13 08:23:00,977 INFO  [Log] The Value is in Int Format and Value is:2147483647 
2019-05-13 08:23:00,977 INFO  [Log] The Value is in Int Format and Value is:10000 
2019-05-13 08:23:00,977 INFO  [Log] The Value of this cell is in String Format and Value is : Email 
2019-05-13 08:23:00,978 INFO  [Log] The Value of this cell is in String Format and Value is : ashwanis@360logica.com 
2019-05-13 08:23:00,978 INFO  [Log] The Value of this cell is in String Format and Value is : Atest 
2019-05-13 08:23:00,978 INFO  [Log] The Value of this cell is in String Format and Value is : BTest 
2019-05-13 08:23:00,978 INFO  [Log] The Value of this cell is: Ethernet New Standard Order 
2019-05-13 08:23:00,978 INFO  [Log] The Value of this cell is: Yes 
2019-05-13 08:23:00,985 INFO  [Log] URL 
2019-05-13 08:23:13,036 INFO  [Log] Ethernet New Standard Order 
2019-05-13 08:23:13,046 INFO  [Log] I am on TestStart method EndtoEndOrder start 
2019-05-13 08:23:13,174 INFO  [Log] C4C_URL 
2019-05-13 08:30:07,178 INFO  [Log] I am on TestFailure method EndtoEndOrder failed 
2019-05-13 08:30:07,975 INFO  [Log] I am on Finish method CPQ End to End Order 
2019-05-13 13:18:58,975 INFO  [Log] I am on Start method CPQ End to End Order 
2019-05-13 13:19:01,611 INFO  [Log] Total Data Set for Ethernet P2P will be2 
2019-05-13 13:19:01,630 INFO  [Log] The Value is in Int Format and Value is:100119208 
2019-05-13 13:19:01,630 INFO  [Log] The Value is in Int Format and Value is:265292 
2019-05-13 13:19:01,630 INFO  [Log] The Value of this cell is in String Format and Value is : Ethernet > Ethernet Line 
2019-05-13 13:19:01,631 INFO  [Log] The Value of this cell is in String Format and Value is : 16 Rue Friant, 75014 Paris, France 
2019-05-13 13:19:01,633 INFO  [Log] The Value of this cell is in String Format and Value is : 16 Rue Friant, 75014 Paris, France 
2019-05-13 13:19:01,634 INFO  [Log] The Value of this cell is in String Format and Value is : 1 Year 
2019-05-13 13:19:01,636 INFO  [Log] The Value of this cell is in String Format and Value is : 1 Gbps 
2019-05-13 13:19:01,637 INFO  [Log] The Value of this cell is in String Format and Value is : Unprotected 
2019-05-13 13:19:01,638 INFO  [Log] The Value of this cell is in String Format and Value is : Onnet 
2019-05-13 13:19:01,638 INFO  [Log] The Value of this cell is in String Format and Value is : Onnet 
2019-05-13 13:19:01,639 INFO  [Log] The Value of this cell is in String Format and Value is : Fast Track 
2019-05-13 13:19:01,640 INFO  [Log] The Value of this cell is in String Format and Value is : Ashwani 
2019-05-13 13:19:01,643 INFO  [Log] The Value of this cell is in String Format and Value is : Singh 
2019-05-13 13:19:01,647 INFO  [Log] The Value of this cell is in String Format and Value is : Ashwani.singh31@colt.net 
2019-05-13 13:19:01,648 INFO  [Log] The Value of this cell is in String Format and Value is : 44 8882216537 
2019-05-13 13:19:01,649 INFO  [Log] The Value is in Int Format and Value is:123566534 
2019-05-13 13:19:01,650 INFO  [Log] The Value is in Int Format and Value is:2147483647 
2019-05-13 13:19:01,650 INFO  [Log] The Value is in Int Format and Value is:10000 
2019-05-13 13:19:01,651 INFO  [Log] The Value of this cell is in String Format and Value is : Email 
2019-05-13 13:19:01,651 INFO  [Log] The Value of this cell is in String Format and Value is : ashwanis@360logica.com 
2019-05-13 13:19:01,651 INFO  [Log] The Value of this cell is in String Format and Value is : Atest 
2019-05-13 13:19:01,653 INFO  [Log] The Value of this cell is in String Format and Value is : BTest 
2019-05-13 13:19:01,653 INFO  [Log] The Value of this cell is: Ethernet New Standard Order 
2019-05-13 13:19:01,653 INFO  [Log] The Value of this cell is: Yes 
2019-05-13 13:19:01,654 INFO  [Log] The Value is in Int Format and Value is:100119208 
2019-05-13 13:19:01,655 INFO  [Log] The Value is in Int Format and Value is:265292 
2019-05-13 13:19:01,656 INFO  [Log] The Value of this cell is in String Format and Value is : Ethernet > Ethernet Line 
2019-05-13 13:19:01,657 INFO  [Log] The Value of this cell is in String Format and Value is : 16 Rue Friant, 75014 Paris, France 
2019-05-13 13:19:01,657 INFO  [Log] The Value of this cell is in String Format and Value is : 16 Rue Friant, 75014 Paris, France 
2019-05-13 13:19:01,658 INFO  [Log] The Value of this cell is in String Format and Value is : 1 Year 
2019-05-13 13:19:01,660 INFO  [Log] The Value of this cell is in String Format and Value is : 1 Gbps 
2019-05-13 13:19:01,662 INFO  [Log] The Value of this cell is in String Format and Value is : Unprotected 
2019-05-13 13:19:01,662 INFO  [Log] The Value of this cell is in String Format and Value is : Onnet 
2019-05-13 13:19:01,665 INFO  [Log] The Value of this cell is in String Format and Value is : Onnet 
2019-05-13 13:19:01,667 INFO  [Log] The Value of this cell is in String Format and Value is : Fast Track 
2019-05-13 13:19:01,667 INFO  [Log] The Value of this cell is in String Format and Value is : Ashwani 
2019-05-13 13:19:01,668 INFO  [Log] The Value of this cell is in String Format and Value is : Singh 
2019-05-13 13:19:01,672 INFO  [Log] The Value of this cell is in String Format and Value is : Ashwani.singh31@colt.net 
2019-05-13 13:19:01,673 INFO  [Log] The Value of this cell is in String Format and Value is : 44 8882216537 
2019-05-13 13:19:01,674 INFO  [Log] The Value is in Int Format and Value is:123566534 
2019-05-13 13:19:01,675 INFO  [Log] The Value is in Int Format and Value is:2147483647 
2019-05-13 13:19:01,675 INFO  [Log] The Value is in Int Format and Value is:10000 
2019-05-13 13:19:01,676 INFO  [Log] The Value of this cell is in String Format and Value is : Email 
2019-05-13 13:19:01,676 INFO  [Log] The Value of this cell is in String Format and Value is : ashwanis@360logica.com 
2019-05-13 13:19:01,677 INFO  [Log] The Value of this cell is in String Format and Value is : Atest 
2019-05-13 13:19:01,687 INFO  [Log] The Value of this cell is in String Format and Value is : BTest 
2019-05-13 13:19:01,688 INFO  [Log] The Value of this cell is: Ethernet New Standard Order 
2019-05-13 13:19:01,688 INFO  [Log] The Value of this cell is: Yes 
2019-05-13 13:19:01,798 INFO  [Log] URL 
2019-05-13 13:19:01,798 INFO  [Log] URL 
2019-05-13 13:19:17,126 INFO  [Log] Ethernet New Standard Order 
2019-05-13 13:19:17,141 INFO  [Log] I am on TestStart method EndtoEndOrder start 
2019-05-13 13:19:17,392 INFO  [Log] C4C_URL 
2019-05-13 13:19:17,849 INFO  [Log] Ethernet New Standard Order 
2019-05-13 13:19:17,858 INFO  [Log] I am on TestStart method EndtoEndOrder start 
2019-05-13 13:19:17,859 INFO  [Log] C4C_URL 
2019-05-13 13:22:08,156 INFO  [Log] I am on TestFailure method EndtoEndOrder failed 
2019-05-13 13:22:09,978 INFO  [Log] I am on TestFailure method EndtoEndOrder failed 
2019-05-13 13:22:10,980 INFO  [Log] I am on Finish method CPQ End to End Order 
